Mplus VERSION 8.6 (Mac)
MUTHEN & MUTHEN
05/09/2023  11:03 AM

INPUT INSTRUCTIONS

  TITLE:
  model;
  DATA:
  FILE = "/Users/beleriand/andrew0302/values_from_lyrics/VI_data_collection_november_2022/in

  VARIABLE:
  NAMES = subject_ID item_ID;
   MISSING=.;

    USEVARIABLES = item_ID subject_ID y1-y10;
    CLUSTER = item_ID subject_ID;
  ANALYSIS:

    TYPE = CROSSCLASSIFIED RANDOM;
    ESTIMATOR = BAYES;
    FBITERATIONS = 10000;
    ALGORITHM = GIBBS(RW);
    PROCESSORS = 11;
  MODEL:


    %within%
    y1-y10;

    %between item_ID%
    y1-y10; [y1-y10];
    y1 WITH y1-y10;
    y2 WITH y1-y10;
    y3 WITH y1-y10;
    y4 WITH y1-y10;
    y5 WITH y1-y10;
    y6 WITH y1-y10;
    y7 WITH y1-y10;
    y8 WITH y1-y10;
    y9 WITH y1-y10;
    y10 WITH y1-y10;

    %between subject_ID%
    y1-y10; [y1-y10@0];
  OUTPUT:
  standardized cinterval(hpd)
  SAVEDATA:
  FILE IS fscores.dat;
                Save = fscores(100 10);

*** WARNING
  Input line exceeded 90 characters. Some input may be truncated.
  FILE = "/Users/beleriand/andrew0302/values_from_lyrics/VI_data_collection_november_2022/int
*** WARNING in DATA command
  Statement not terminated by a semicolon:
  FILE = "/Users/beleriand/andrew0302/values_from_lyrics/VI_data_collection_november_2022/int
*** WARNING in DATA command
  Mismatched quotation in FILE option.  A quotation mark will be assumed at
  the end of the line.
*** ERROR in DEFINE command
  A new variable included on the USEVARIABLES list was not defined.
  Check your DEFINE statements.  Undefined variable:  Y1
*** ERROR in DEFINE command
  A new variable included on the USEVARIABLES list was not defined.
  Check your DEFINE statements.  Undefined variable:  Y2
*** ERROR in DEFINE command
  A new variable included on the USEVARIABLES list was not defined.
  Check your DEFINE statements.  Undefined variable:  Y3
*** ERROR in DEFINE command
  A new variable included on the USEVARIABLES list was not defined.
  Check your DEFINE statements.  Undefined variable:  Y4
*** ERROR in DEFINE command
  A new variable included on the USEVARIABLES list was not defined.
  Check your DEFINE statements.  Undefined variable:  Y5
*** ERROR in DEFINE command
  A new variable included on the USEVARIABLES list was not defined.
  Check your DEFINE statements.  Undefined variable:  Y6
*** ERROR in DEFINE command
  A new variable included on the USEVARIABLES list was not defined.
  Check your DEFINE statements.  Undefined variable:  Y7
*** ERROR in DEFINE command
  A new variable included on the USEVARIABLES list was not defined.
  Check your DEFINE statements.  Undefined variable:  Y8
*** ERROR in DEFINE command
  A new variable included on the USEVARIABLES list was not defined.
  Check your DEFINE statements.  Undefined variable:  Y9
*** ERROR in DEFINE command
  A new variable included on the USEVARIABLES list was not defined.
  Check your DEFINE statements.  Undefined variable:  Y10


MUTHEN & MUTHEN
3463 Stoner Ave.
Los Angeles, CA  90066

Tel: (310) 391-9971
Fax: (310) 391-8971
Web: www.StatModel.com
Support: Support@StatModel.com

Copyright (c) 1998-2021 Muthen & Muthen
