Mplus VERSION 8.6 (Mac)
MUTHEN & MUTHEN
07/31/2023   3:04 PM

INPUT INSTRUCTIONS

  TITLE:
  model;
  DATA:
  FILE = "VI_data_collection/_data/mplus_output/machine_2.dat";

  VARIABLE:
  NAMES = ;
   MISSING=.;
   NAMES ARE  z1-z80;
  ANALYSIS:
  ITERATIONS = 5000;
  MODEL:

    m1  BY  z1-z4;
    m2  BY  z5-z8;
    m3  BY  z9-z12;
    m4  BY z13-z16;
    m5  BY z17-z20;
    m6  BY z21-z24;
    m7  BY z25-z28;
    m8  BY z29-z32;
    m9  BY z33-z36;
    m10 BY z37-z40;
    m11 BY z41-z44;
    m12 BY z45-z48;
    m13 BY z49-z52;
    m14 BY z53-z56;
    m15 BY z57-z60;
    m16 BY z61-z64;
    m17 BY z65-z68;
    m18 BY z69-z72;
    m19 BY z73-z76;
    m20 BY z77-z80;


    m1-m20  WITH m1-m20@0;


  OUTPUT:
  standardized cinterval
  SAVEDATA:
  FILE IS machines_2.dat;



INPUT READING TERMINATED NORMALLY




model;

SUMMARY OF ANALYSIS

Number of groups                                                 1
Number of observations                                         360

Number of dependent variables                                   80
Number of independent variables                                  0
Number of continuous latent variables                           20

Observed dependent variables

  Continuous
   Z1          Z2          Z3          Z4          Z5          Z6
   Z7          Z8          Z9          Z10         Z11         Z12
   Z13         Z14         Z15         Z16         Z17         Z18
   Z19         Z20         Z21         Z22         Z23         Z24
   Z25         Z26         Z27         Z28         Z29         Z30
   Z31         Z32         Z33         Z34         Z35         Z36
   Z37         Z38         Z39         Z40         Z41         Z42
   Z43         Z44         Z45         Z46         Z47         Z48
   Z49         Z50         Z51         Z52         Z53         Z54
   Z55         Z56         Z57         Z58         Z59         Z60
   Z61         Z62         Z63         Z64         Z65         Z66
   Z67         Z68         Z69         Z70         Z71         Z72
   Z73         Z74         Z75         Z76         Z77         Z78
   Z79         Z80

Continuous latent variables
   M1          M2          M3          M4          M5          M6
   M7          M8          M9          M10         M11         M12
   M13         M14         M15         M16         M17         M18
   M19         M20


Estimator                                                       ML
Information matrix                                        OBSERVED
Maximum number of iterations                                  5000
Convergence criterion                                    0.500D-04
Maximum number of steepest descent iterations                   20
Maximum number of iterations for H1                           2000
Convergence criterion for H1                             0.100D-03

Input data file(s)
  VI_data_collection/_data/mplus_output/machine_2.dat

Input data format  FREE


SUMMARY OF DATA

     Number of missing data patterns             1


COVARIANCE COVERAGE OF DATA

Minimum covariance coverage value   0.100


     PROPORTION OF DATA PRESENT


           Covariance Coverage
              Z1            Z2            Z3            Z4            Z5
              ________      ________      ________      ________      ________
 Z1             1.000
 Z2             1.000         1.000
 Z3             1.000         1.000         1.000
 Z4             1.000         1.000         1.000         1.000
 Z5             1.000         1.000         1.000         1.000         1.000
 Z6             1.000         1.000         1.000         1.000         1.000
 Z7             1.000         1.000         1.000         1.000         1.000
 Z8             1.000         1.000         1.000         1.000         1.000
 Z9             1.000         1.000         1.000         1.000         1.000
 Z10            1.000         1.000         1.000         1.000         1.000
 Z11            1.000         1.000         1.000         1.000         1.000
 Z12            1.000         1.000         1.000         1.000         1.000
 Z13            1.000         1.000         1.000         1.000         1.000
 Z14            1.000         1.000         1.000         1.000         1.000
 Z15            1.000         1.000         1.000         1.000         1.000
 Z16            1.000         1.000         1.000         1.000         1.000
 Z17            1.000         1.000         1.000         1.000         1.000
 Z18            1.000         1.000         1.000         1.000         1.000
 Z19            1.000         1.000         1.000         1.000         1.000
 Z20            1.000         1.000         1.000         1.000         1.000
 Z21            1.000         1.000         1.000         1.000         1.000
 Z22            1.000         1.000         1.000         1.000         1.000
 Z23            1.000         1.000         1.000         1.000         1.000
 Z24            1.000         1.000         1.000         1.000         1.000
 Z25            1.000         1.000         1.000         1.000         1.000
 Z26            1.000         1.000         1.000         1.000         1.000
 Z27            1.000         1.000         1.000         1.000         1.000
 Z28            1.000         1.000         1.000         1.000         1.000
 Z29            1.000         1.000         1.000         1.000         1.000
 Z30            1.000         1.000         1.000         1.000         1.000
 Z31            1.000         1.000         1.000         1.000         1.000
 Z32            1.000         1.000         1.000         1.000         1.000
 Z33            1.000         1.000         1.000         1.000         1.000
 Z34            1.000         1.000         1.000         1.000         1.000
 Z35            1.000         1.000         1.000         1.000         1.000
 Z36            1.000         1.000         1.000         1.000         1.000
 Z37            1.000         1.000         1.000         1.000         1.000
 Z38            1.000         1.000         1.000         1.000         1.000
 Z39            1.000         1.000         1.000         1.000         1.000
 Z40            1.000         1.000         1.000         1.000         1.000
 Z41            1.000         1.000         1.000         1.000         1.000
 Z42            1.000         1.000         1.000         1.000         1.000
 Z43            1.000         1.000         1.000         1.000         1.000
 Z44            1.000         1.000         1.000         1.000         1.000
 Z45            1.000         1.000         1.000         1.000         1.000
 Z46            1.000         1.000         1.000         1.000         1.000
 Z47            1.000         1.000         1.000         1.000         1.000
 Z48            1.000         1.000         1.000         1.000         1.000
 Z49            1.000         1.000         1.000         1.000         1.000
 Z50            1.000         1.000         1.000         1.000         1.000
 Z51            1.000         1.000         1.000         1.000         1.000
 Z52            1.000         1.000         1.000         1.000         1.000
 Z53            1.000         1.000         1.000         1.000         1.000
 Z54            1.000         1.000         1.000         1.000         1.000
 Z55            1.000         1.000         1.000         1.000         1.000
 Z56            1.000         1.000         1.000         1.000         1.000
 Z57            1.000         1.000         1.000         1.000         1.000
 Z58            1.000         1.000         1.000         1.000         1.000
 Z59            1.000         1.000         1.000         1.000         1.000
 Z60            1.000         1.000         1.000         1.000         1.000
 Z61            1.000         1.000         1.000         1.000         1.000
 Z62            1.000         1.000         1.000         1.000         1.000
 Z63            1.000         1.000         1.000         1.000         1.000
 Z64            1.000         1.000         1.000         1.000         1.000
 Z65            1.000         1.000         1.000         1.000         1.000
 Z66            1.000         1.000         1.000         1.000         1.000
 Z67            1.000         1.000         1.000         1.000         1.000
 Z68            1.000         1.000         1.000         1.000         1.000
 Z69            1.000         1.000         1.000         1.000         1.000
 Z70            1.000         1.000         1.000         1.000         1.000
 Z71            1.000         1.000         1.000         1.000         1.000
 Z72            1.000         1.000         1.000         1.000         1.000
 Z73            1.000         1.000         1.000         1.000         1.000
 Z74            1.000         1.000         1.000         1.000         1.000
 Z75            1.000         1.000         1.000         1.000         1.000
 Z76            1.000         1.000         1.000         1.000         1.000
 Z77            1.000         1.000         1.000         1.000         1.000
 Z78            1.000         1.000         1.000         1.000         1.000
 Z79            1.000         1.000         1.000         1.000         1.000
 Z80            1.000         1.000         1.000         1.000         1.000


           Covariance Coverage
              Z6            Z7            Z8            Z9            Z10
              ________      ________      ________      ________      ________
 Z6             1.000
 Z7             1.000         1.000
 Z8             1.000         1.000         1.000
 Z9             1.000         1.000         1.000         1.000
 Z10            1.000         1.000         1.000         1.000         1.000
 Z11            1.000         1.000         1.000         1.000         1.000
 Z12            1.000         1.000         1.000         1.000         1.000
 Z13            1.000         1.000         1.000         1.000         1.000
 Z14            1.000         1.000         1.000         1.000         1.000
 Z15            1.000         1.000         1.000         1.000         1.000
 Z16            1.000         1.000         1.000         1.000         1.000
 Z17            1.000         1.000         1.000         1.000         1.000
 Z18            1.000         1.000         1.000         1.000         1.000
 Z19            1.000         1.000         1.000         1.000         1.000
 Z20            1.000         1.000         1.000         1.000         1.000
 Z21            1.000         1.000         1.000         1.000         1.000
 Z22            1.000         1.000         1.000         1.000         1.000
 Z23            1.000         1.000         1.000         1.000         1.000
 Z24            1.000         1.000         1.000         1.000         1.000
 Z25            1.000         1.000         1.000         1.000         1.000
 Z26            1.000         1.000         1.000         1.000         1.000
 Z27            1.000         1.000         1.000         1.000         1.000
 Z28            1.000         1.000         1.000         1.000         1.000
 Z29            1.000         1.000         1.000         1.000         1.000
 Z30            1.000         1.000         1.000         1.000         1.000
 Z31            1.000         1.000         1.000         1.000         1.000
 Z32            1.000         1.000         1.000         1.000         1.000
 Z33            1.000         1.000         1.000         1.000         1.000
 Z34            1.000         1.000         1.000         1.000         1.000
 Z35            1.000         1.000         1.000         1.000         1.000
 Z36            1.000         1.000         1.000         1.000         1.000
 Z37            1.000         1.000         1.000         1.000         1.000
 Z38            1.000         1.000         1.000         1.000         1.000
 Z39            1.000         1.000         1.000         1.000         1.000
 Z40            1.000         1.000         1.000         1.000         1.000
 Z41            1.000         1.000         1.000         1.000         1.000
 Z42            1.000         1.000         1.000         1.000         1.000
 Z43            1.000         1.000         1.000         1.000         1.000
 Z44            1.000         1.000         1.000         1.000         1.000
 Z45            1.000         1.000         1.000         1.000         1.000
 Z46            1.000         1.000         1.000         1.000         1.000
 Z47            1.000         1.000         1.000         1.000         1.000
 Z48            1.000         1.000         1.000         1.000         1.000
 Z49            1.000         1.000         1.000         1.000         1.000
 Z50            1.000         1.000         1.000         1.000         1.000
 Z51            1.000         1.000         1.000         1.000         1.000
 Z52            1.000         1.000         1.000         1.000         1.000
 Z53            1.000         1.000         1.000         1.000         1.000
 Z54            1.000         1.000         1.000         1.000         1.000
 Z55            1.000         1.000         1.000         1.000         1.000
 Z56            1.000         1.000         1.000         1.000         1.000
 Z57            1.000         1.000         1.000         1.000         1.000
 Z58            1.000         1.000         1.000         1.000         1.000
 Z59            1.000         1.000         1.000         1.000         1.000
 Z60            1.000         1.000         1.000         1.000         1.000
 Z61            1.000         1.000         1.000         1.000         1.000
 Z62            1.000         1.000         1.000         1.000         1.000
 Z63            1.000         1.000         1.000         1.000         1.000
 Z64            1.000         1.000         1.000         1.000         1.000
 Z65            1.000         1.000         1.000         1.000         1.000
 Z66            1.000         1.000         1.000         1.000         1.000
 Z67            1.000         1.000         1.000         1.000         1.000
 Z68            1.000         1.000         1.000         1.000         1.000
 Z69            1.000         1.000         1.000         1.000         1.000
 Z70            1.000         1.000         1.000         1.000         1.000
 Z71            1.000         1.000         1.000         1.000         1.000
 Z72            1.000         1.000         1.000         1.000         1.000
 Z73            1.000         1.000         1.000         1.000         1.000
 Z74            1.000         1.000         1.000         1.000         1.000
 Z75            1.000         1.000         1.000         1.000         1.000
 Z76            1.000         1.000         1.000         1.000         1.000
 Z77            1.000         1.000         1.000         1.000         1.000
 Z78            1.000         1.000         1.000         1.000         1.000
 Z79            1.000         1.000         1.000         1.000         1.000
 Z80            1.000         1.000         1.000         1.000         1.000


           Covariance Coverage
              Z11           Z12           Z13           Z14           Z15
              ________      ________      ________      ________      ________
 Z11            1.000
 Z12            1.000         1.000
 Z13            1.000         1.000         1.000
 Z14            1.000         1.000         1.000         1.000
 Z15            1.000         1.000         1.000         1.000         1.000
 Z16            1.000         1.000         1.000         1.000         1.000
 Z17            1.000         1.000         1.000         1.000         1.000
 Z18            1.000         1.000         1.000         1.000         1.000
 Z19            1.000         1.000         1.000         1.000         1.000
 Z20            1.000         1.000         1.000         1.000         1.000
 Z21            1.000         1.000         1.000         1.000         1.000
 Z22            1.000         1.000         1.000         1.000         1.000
 Z23            1.000         1.000         1.000         1.000         1.000
 Z24            1.000         1.000         1.000         1.000         1.000
 Z25            1.000         1.000         1.000         1.000         1.000
 Z26            1.000         1.000         1.000         1.000         1.000
 Z27            1.000         1.000         1.000         1.000         1.000
 Z28            1.000         1.000         1.000         1.000         1.000
 Z29            1.000         1.000         1.000         1.000         1.000
 Z30            1.000         1.000         1.000         1.000         1.000
 Z31            1.000         1.000         1.000         1.000         1.000
 Z32            1.000         1.000         1.000         1.000         1.000
 Z33            1.000         1.000         1.000         1.000         1.000
 Z34            1.000         1.000         1.000         1.000         1.000
 Z35            1.000         1.000         1.000         1.000         1.000
 Z36            1.000         1.000         1.000         1.000         1.000
 Z37            1.000         1.000         1.000         1.000         1.000
 Z38            1.000         1.000         1.000         1.000         1.000
 Z39            1.000         1.000         1.000         1.000         1.000
 Z40            1.000         1.000         1.000         1.000         1.000
 Z41            1.000         1.000         1.000         1.000         1.000
 Z42            1.000         1.000         1.000         1.000         1.000
 Z43            1.000         1.000         1.000         1.000         1.000
 Z44            1.000         1.000         1.000         1.000         1.000
 Z45            1.000         1.000         1.000         1.000         1.000
 Z46            1.000         1.000         1.000         1.000         1.000
 Z47            1.000         1.000         1.000         1.000         1.000
 Z48            1.000         1.000         1.000         1.000         1.000
 Z49            1.000         1.000         1.000         1.000         1.000
 Z50            1.000         1.000         1.000         1.000         1.000
 Z51            1.000         1.000         1.000         1.000         1.000
 Z52            1.000         1.000         1.000         1.000         1.000
 Z53            1.000         1.000         1.000         1.000         1.000
 Z54            1.000         1.000         1.000         1.000         1.000
 Z55            1.000         1.000         1.000         1.000         1.000
 Z56            1.000         1.000         1.000         1.000         1.000
 Z57            1.000         1.000         1.000         1.000         1.000
 Z58            1.000         1.000         1.000         1.000         1.000
 Z59            1.000         1.000         1.000         1.000         1.000
 Z60            1.000         1.000         1.000         1.000         1.000
 Z61            1.000         1.000         1.000         1.000         1.000
 Z62            1.000         1.000         1.000         1.000         1.000
 Z63            1.000         1.000         1.000         1.000         1.000
 Z64            1.000         1.000         1.000         1.000         1.000
 Z65            1.000         1.000         1.000         1.000         1.000
 Z66            1.000         1.000         1.000         1.000         1.000
 Z67            1.000         1.000         1.000         1.000         1.000
 Z68            1.000         1.000         1.000         1.000         1.000
 Z69            1.000         1.000         1.000         1.000         1.000
 Z70            1.000         1.000         1.000         1.000         1.000
 Z71            1.000         1.000         1.000         1.000         1.000
 Z72            1.000         1.000         1.000         1.000         1.000
 Z73            1.000         1.000         1.000         1.000         1.000
 Z74            1.000         1.000         1.000         1.000         1.000
 Z75            1.000         1.000         1.000         1.000         1.000
 Z76            1.000         1.000         1.000         1.000         1.000
 Z77            1.000         1.000         1.000         1.000         1.000
 Z78            1.000         1.000         1.000         1.000         1.000
 Z79            1.000         1.000         1.000         1.000         1.000
 Z80            1.000         1.000         1.000         1.000         1.000


           Covariance Coverage
              Z16           Z17           Z18           Z19           Z20
              ________      ________      ________      ________      ________
 Z16            1.000
 Z17            1.000         1.000
 Z18            1.000         1.000         1.000
 Z19            1.000         1.000         1.000         1.000
 Z20            1.000         1.000         1.000         1.000         1.000
 Z21            1.000         1.000         1.000         1.000         1.000
 Z22            1.000         1.000         1.000         1.000         1.000
 Z23            1.000         1.000         1.000         1.000         1.000
 Z24            1.000         1.000         1.000         1.000         1.000
 Z25            1.000         1.000         1.000         1.000         1.000
 Z26            1.000         1.000         1.000         1.000         1.000
 Z27            1.000         1.000         1.000         1.000         1.000
 Z28            1.000         1.000         1.000         1.000         1.000
 Z29            1.000         1.000         1.000         1.000         1.000
 Z30            1.000         1.000         1.000         1.000         1.000
 Z31            1.000         1.000         1.000         1.000         1.000
 Z32            1.000         1.000         1.000         1.000         1.000
 Z33            1.000         1.000         1.000         1.000         1.000
 Z34            1.000         1.000         1.000         1.000         1.000
 Z35            1.000         1.000         1.000         1.000         1.000
 Z36            1.000         1.000         1.000         1.000         1.000
 Z37            1.000         1.000         1.000         1.000         1.000
 Z38            1.000         1.000         1.000         1.000         1.000
 Z39            1.000         1.000         1.000         1.000         1.000
 Z40            1.000         1.000         1.000         1.000         1.000
 Z41            1.000         1.000         1.000         1.000         1.000
 Z42            1.000         1.000         1.000         1.000         1.000
 Z43            1.000         1.000         1.000         1.000         1.000
 Z44            1.000         1.000         1.000         1.000         1.000
 Z45            1.000         1.000         1.000         1.000         1.000
 Z46            1.000         1.000         1.000         1.000         1.000
 Z47            1.000         1.000         1.000         1.000         1.000
 Z48            1.000         1.000         1.000         1.000         1.000
 Z49            1.000         1.000         1.000         1.000         1.000
 Z50            1.000         1.000         1.000         1.000         1.000
 Z51            1.000         1.000         1.000         1.000         1.000
 Z52            1.000         1.000         1.000         1.000         1.000
 Z53            1.000         1.000         1.000         1.000         1.000
 Z54            1.000         1.000         1.000         1.000         1.000
 Z55            1.000         1.000         1.000         1.000         1.000
 Z56            1.000         1.000         1.000         1.000         1.000
 Z57            1.000         1.000         1.000         1.000         1.000
 Z58            1.000         1.000         1.000         1.000         1.000
 Z59            1.000         1.000         1.000         1.000         1.000
 Z60            1.000         1.000         1.000         1.000         1.000
 Z61            1.000         1.000         1.000         1.000         1.000
 Z62            1.000         1.000         1.000         1.000         1.000
 Z63            1.000         1.000         1.000         1.000         1.000
 Z64            1.000         1.000         1.000         1.000         1.000
 Z65            1.000         1.000         1.000         1.000         1.000
 Z66            1.000         1.000         1.000         1.000         1.000
 Z67            1.000         1.000         1.000         1.000         1.000
 Z68            1.000         1.000         1.000         1.000         1.000
 Z69            1.000         1.000         1.000         1.000         1.000
 Z70            1.000         1.000         1.000         1.000         1.000
 Z71            1.000         1.000         1.000         1.000         1.000
 Z72            1.000         1.000         1.000         1.000         1.000
 Z73            1.000         1.000         1.000         1.000         1.000
 Z74            1.000         1.000         1.000         1.000         1.000
 Z75            1.000         1.000         1.000         1.000         1.000
 Z76            1.000         1.000         1.000         1.000         1.000
 Z77            1.000         1.000         1.000         1.000         1.000
 Z78            1.000         1.000         1.000         1.000         1.000
 Z79            1.000         1.000         1.000         1.000         1.000
 Z80            1.000         1.000         1.000         1.000         1.000


           Covariance Coverage
              Z21           Z22           Z23           Z24           Z25
              ________      ________      ________      ________      ________
 Z21            1.000
 Z22            1.000         1.000
 Z23            1.000         1.000         1.000
 Z24            1.000         1.000         1.000         1.000
 Z25            1.000         1.000         1.000         1.000         1.000
 Z26            1.000         1.000         1.000         1.000         1.000
 Z27            1.000         1.000         1.000         1.000         1.000
 Z28            1.000         1.000         1.000         1.000         1.000
 Z29            1.000         1.000         1.000         1.000         1.000
 Z30            1.000         1.000         1.000         1.000         1.000
 Z31            1.000         1.000         1.000         1.000         1.000
 Z32            1.000         1.000         1.000         1.000         1.000
 Z33            1.000         1.000         1.000         1.000         1.000
 Z34            1.000         1.000         1.000         1.000         1.000
 Z35            1.000         1.000         1.000         1.000         1.000
 Z36            1.000         1.000         1.000         1.000         1.000
 Z37            1.000         1.000         1.000         1.000         1.000
 Z38            1.000         1.000         1.000         1.000         1.000
 Z39            1.000         1.000         1.000         1.000         1.000
 Z40            1.000         1.000         1.000         1.000         1.000
 Z41            1.000         1.000         1.000         1.000         1.000
 Z42            1.000         1.000         1.000         1.000         1.000
 Z43            1.000         1.000         1.000         1.000         1.000
 Z44            1.000         1.000         1.000         1.000         1.000
 Z45            1.000         1.000         1.000         1.000         1.000
 Z46            1.000         1.000         1.000         1.000         1.000
 Z47            1.000         1.000         1.000         1.000         1.000
 Z48            1.000         1.000         1.000         1.000         1.000
 Z49            1.000         1.000         1.000         1.000         1.000
 Z50            1.000         1.000         1.000         1.000         1.000
 Z51            1.000         1.000         1.000         1.000         1.000
 Z52            1.000         1.000         1.000         1.000         1.000
 Z53            1.000         1.000         1.000         1.000         1.000
 Z54            1.000         1.000         1.000         1.000         1.000
 Z55            1.000         1.000         1.000         1.000         1.000
 Z56            1.000         1.000         1.000         1.000         1.000
 Z57            1.000         1.000         1.000         1.000         1.000
 Z58            1.000         1.000         1.000         1.000         1.000
 Z59            1.000         1.000         1.000         1.000         1.000
 Z60            1.000         1.000         1.000         1.000         1.000
 Z61            1.000         1.000         1.000         1.000         1.000
 Z62            1.000         1.000         1.000         1.000         1.000
 Z63            1.000         1.000         1.000         1.000         1.000
 Z64            1.000         1.000         1.000         1.000         1.000
 Z65            1.000         1.000         1.000         1.000         1.000
 Z66            1.000         1.000         1.000         1.000         1.000
 Z67            1.000         1.000         1.000         1.000         1.000
 Z68            1.000         1.000         1.000         1.000         1.000
 Z69            1.000         1.000         1.000         1.000         1.000
 Z70            1.000         1.000         1.000         1.000         1.000
 Z71            1.000         1.000         1.000         1.000         1.000
 Z72            1.000         1.000         1.000         1.000         1.000
 Z73            1.000         1.000         1.000         1.000         1.000
 Z74            1.000         1.000         1.000         1.000         1.000
 Z75            1.000         1.000         1.000         1.000         1.000
 Z76            1.000         1.000         1.000         1.000         1.000
 Z77            1.000         1.000         1.000         1.000         1.000
 Z78            1.000         1.000         1.000         1.000         1.000
 Z79            1.000         1.000         1.000         1.000         1.000
 Z80            1.000         1.000         1.000         1.000         1.000


           Covariance Coverage
              Z26           Z27           Z28           Z29           Z30
              ________      ________      ________      ________      ________
 Z26            1.000
 Z27            1.000         1.000
 Z28            1.000         1.000         1.000
 Z29            1.000         1.000         1.000         1.000
 Z30            1.000         1.000         1.000         1.000         1.000
 Z31            1.000         1.000         1.000         1.000         1.000
 Z32            1.000         1.000         1.000         1.000         1.000
 Z33            1.000         1.000         1.000         1.000         1.000
 Z34            1.000         1.000         1.000         1.000         1.000
 Z35            1.000         1.000         1.000         1.000         1.000
 Z36            1.000         1.000         1.000         1.000         1.000
 Z37            1.000         1.000         1.000         1.000         1.000
 Z38            1.000         1.000         1.000         1.000         1.000
 Z39            1.000         1.000         1.000         1.000         1.000
 Z40            1.000         1.000         1.000         1.000         1.000
 Z41            1.000         1.000         1.000         1.000         1.000
 Z42            1.000         1.000         1.000         1.000         1.000
 Z43            1.000         1.000         1.000         1.000         1.000
 Z44            1.000         1.000         1.000         1.000         1.000
 Z45            1.000         1.000         1.000         1.000         1.000
 Z46            1.000         1.000         1.000         1.000         1.000
 Z47            1.000         1.000         1.000         1.000         1.000
 Z48            1.000         1.000         1.000         1.000         1.000
 Z49            1.000         1.000         1.000         1.000         1.000
 Z50            1.000         1.000         1.000         1.000         1.000
 Z51            1.000         1.000         1.000         1.000         1.000
 Z52            1.000         1.000         1.000         1.000         1.000
 Z53            1.000         1.000         1.000         1.000         1.000
 Z54            1.000         1.000         1.000         1.000         1.000
 Z55            1.000         1.000         1.000         1.000         1.000
 Z56            1.000         1.000         1.000         1.000         1.000
 Z57            1.000         1.000         1.000         1.000         1.000
 Z58            1.000         1.000         1.000         1.000         1.000
 Z59            1.000         1.000         1.000         1.000         1.000
 Z60            1.000         1.000         1.000         1.000         1.000
 Z61            1.000         1.000         1.000         1.000         1.000
 Z62            1.000         1.000         1.000         1.000         1.000
 Z63            1.000         1.000         1.000         1.000         1.000
 Z64            1.000         1.000         1.000         1.000         1.000
 Z65            1.000         1.000         1.000         1.000         1.000
 Z66            1.000         1.000         1.000         1.000         1.000
 Z67            1.000         1.000         1.000         1.000         1.000
 Z68            1.000         1.000         1.000         1.000         1.000
 Z69            1.000         1.000         1.000         1.000         1.000
 Z70            1.000         1.000         1.000         1.000         1.000
 Z71            1.000         1.000         1.000         1.000         1.000
 Z72            1.000         1.000         1.000         1.000         1.000
 Z73            1.000         1.000         1.000         1.000         1.000
 Z74            1.000         1.000         1.000         1.000         1.000
 Z75            1.000         1.000         1.000         1.000         1.000
 Z76            1.000         1.000         1.000         1.000         1.000
 Z77            1.000         1.000         1.000         1.000         1.000
 Z78            1.000         1.000         1.000         1.000         1.000
 Z79            1.000         1.000         1.000         1.000         1.000
 Z80            1.000         1.000         1.000         1.000         1.000


           Covariance Coverage
              Z31           Z32           Z33           Z34           Z35
              ________      ________      ________      ________      ________
 Z31            1.000
 Z32            1.000         1.000
 Z33            1.000         1.000         1.000
 Z34            1.000         1.000         1.000         1.000
 Z35            1.000         1.000         1.000         1.000         1.000
 Z36            1.000         1.000         1.000         1.000         1.000
 Z37            1.000         1.000         1.000         1.000         1.000
 Z38            1.000         1.000         1.000         1.000         1.000
 Z39            1.000         1.000         1.000         1.000         1.000
 Z40            1.000         1.000         1.000         1.000         1.000
 Z41            1.000         1.000         1.000         1.000         1.000
 Z42            1.000         1.000         1.000         1.000         1.000
 Z43            1.000         1.000         1.000         1.000         1.000
 Z44            1.000         1.000         1.000         1.000         1.000
 Z45            1.000         1.000         1.000         1.000         1.000
 Z46            1.000         1.000         1.000         1.000         1.000
 Z47            1.000         1.000         1.000         1.000         1.000
 Z48            1.000         1.000         1.000         1.000         1.000
 Z49            1.000         1.000         1.000         1.000         1.000
 Z50            1.000         1.000         1.000         1.000         1.000
 Z51            1.000         1.000         1.000         1.000         1.000
 Z52            1.000         1.000         1.000         1.000         1.000
 Z53            1.000         1.000         1.000         1.000         1.000
 Z54            1.000         1.000         1.000         1.000         1.000
 Z55            1.000         1.000         1.000         1.000         1.000
 Z56            1.000         1.000         1.000         1.000         1.000
 Z57            1.000         1.000         1.000         1.000         1.000
 Z58            1.000         1.000         1.000         1.000         1.000
 Z59            1.000         1.000         1.000         1.000         1.000
 Z60            1.000         1.000         1.000         1.000         1.000
 Z61            1.000         1.000         1.000         1.000         1.000
 Z62            1.000         1.000         1.000         1.000         1.000
 Z63            1.000         1.000         1.000         1.000         1.000
 Z64            1.000         1.000         1.000         1.000         1.000
 Z65            1.000         1.000         1.000         1.000         1.000
 Z66            1.000         1.000         1.000         1.000         1.000
 Z67            1.000         1.000         1.000         1.000         1.000
 Z68            1.000         1.000         1.000         1.000         1.000
 Z69            1.000         1.000         1.000         1.000         1.000
 Z70            1.000         1.000         1.000         1.000         1.000
 Z71            1.000         1.000         1.000         1.000         1.000
 Z72            1.000         1.000         1.000         1.000         1.000
 Z73            1.000         1.000         1.000         1.000         1.000
 Z74            1.000         1.000         1.000         1.000         1.000
 Z75            1.000         1.000         1.000         1.000         1.000
 Z76            1.000         1.000         1.000         1.000         1.000
 Z77            1.000         1.000         1.000         1.000         1.000
 Z78            1.000         1.000         1.000         1.000         1.000
 Z79            1.000         1.000         1.000         1.000         1.000
 Z80            1.000         1.000         1.000         1.000         1.000


           Covariance Coverage
              Z36           Z37           Z38           Z39           Z40
              ________      ________      ________      ________      ________
 Z36            1.000
 Z37            1.000         1.000
 Z38            1.000         1.000         1.000
 Z39            1.000         1.000         1.000         1.000
 Z40            1.000         1.000         1.000         1.000         1.000
 Z41            1.000         1.000         1.000         1.000         1.000
 Z42            1.000         1.000         1.000         1.000         1.000
 Z43            1.000         1.000         1.000         1.000         1.000
 Z44            1.000         1.000         1.000         1.000         1.000
 Z45            1.000         1.000         1.000         1.000         1.000
 Z46            1.000         1.000         1.000         1.000         1.000
 Z47            1.000         1.000         1.000         1.000         1.000
 Z48            1.000         1.000         1.000         1.000         1.000
 Z49            1.000         1.000         1.000         1.000         1.000
 Z50            1.000         1.000         1.000         1.000         1.000
 Z51            1.000         1.000         1.000         1.000         1.000
 Z52            1.000         1.000         1.000         1.000         1.000
 Z53            1.000         1.000         1.000         1.000         1.000
 Z54            1.000         1.000         1.000         1.000         1.000
 Z55            1.000         1.000         1.000         1.000         1.000
 Z56            1.000         1.000         1.000         1.000         1.000
 Z57            1.000         1.000         1.000         1.000         1.000
 Z58            1.000         1.000         1.000         1.000         1.000
 Z59            1.000         1.000         1.000         1.000         1.000
 Z60            1.000         1.000         1.000         1.000         1.000
 Z61            1.000         1.000         1.000         1.000         1.000
 Z62            1.000         1.000         1.000         1.000         1.000
 Z63            1.000         1.000         1.000         1.000         1.000
 Z64            1.000         1.000         1.000         1.000         1.000
 Z65            1.000         1.000         1.000         1.000         1.000
 Z66            1.000         1.000         1.000         1.000         1.000
 Z67            1.000         1.000         1.000         1.000         1.000
 Z68            1.000         1.000         1.000         1.000         1.000
 Z69            1.000         1.000         1.000         1.000         1.000
 Z70            1.000         1.000         1.000         1.000         1.000
 Z71            1.000         1.000         1.000         1.000         1.000
 Z72            1.000         1.000         1.000         1.000         1.000
 Z73            1.000         1.000         1.000         1.000         1.000
 Z74            1.000         1.000         1.000         1.000         1.000
 Z75            1.000         1.000         1.000         1.000         1.000
 Z76            1.000         1.000         1.000         1.000         1.000
 Z77            1.000         1.000         1.000         1.000         1.000
 Z78            1.000         1.000         1.000         1.000         1.000
 Z79            1.000         1.000         1.000         1.000         1.000
 Z80            1.000         1.000         1.000         1.000         1.000


           Covariance Coverage
              Z41           Z42           Z43           Z44           Z45
              ________      ________      ________      ________      ________
 Z41            1.000
 Z42            1.000         1.000
 Z43            1.000         1.000         1.000
 Z44            1.000         1.000         1.000         1.000
 Z45            1.000         1.000         1.000         1.000         1.000
 Z46            1.000         1.000         1.000         1.000         1.000
 Z47            1.000         1.000         1.000         1.000         1.000
 Z48            1.000         1.000         1.000         1.000         1.000
 Z49            1.000         1.000         1.000         1.000         1.000
 Z50            1.000         1.000         1.000         1.000         1.000
 Z51            1.000         1.000         1.000         1.000         1.000
 Z52            1.000         1.000         1.000         1.000         1.000
 Z53            1.000         1.000         1.000         1.000         1.000
 Z54            1.000         1.000         1.000         1.000         1.000
 Z55            1.000         1.000         1.000         1.000         1.000
 Z56            1.000         1.000         1.000         1.000         1.000
 Z57            1.000         1.000         1.000         1.000         1.000
 Z58            1.000         1.000         1.000         1.000         1.000
 Z59            1.000         1.000         1.000         1.000         1.000
 Z60            1.000         1.000         1.000         1.000         1.000
 Z61            1.000         1.000         1.000         1.000         1.000
 Z62            1.000         1.000         1.000         1.000         1.000
 Z63            1.000         1.000         1.000         1.000         1.000
 Z64            1.000         1.000         1.000         1.000         1.000
 Z65            1.000         1.000         1.000         1.000         1.000
 Z66            1.000         1.000         1.000         1.000         1.000
 Z67            1.000         1.000         1.000         1.000         1.000
 Z68            1.000         1.000         1.000         1.000         1.000
 Z69            1.000         1.000         1.000         1.000         1.000
 Z70            1.000         1.000         1.000         1.000         1.000
 Z71            1.000         1.000         1.000         1.000         1.000
 Z72            1.000         1.000         1.000         1.000         1.000
 Z73            1.000         1.000         1.000         1.000         1.000
 Z74            1.000         1.000         1.000         1.000         1.000
 Z75            1.000         1.000         1.000         1.000         1.000
 Z76            1.000         1.000         1.000         1.000         1.000
 Z77            1.000         1.000         1.000         1.000         1.000
 Z78            1.000         1.000         1.000         1.000         1.000
 Z79            1.000         1.000         1.000         1.000         1.000
 Z80            1.000         1.000         1.000         1.000         1.000


           Covariance Coverage
              Z46           Z47           Z48           Z49           Z50
              ________      ________      ________      ________      ________
 Z46            1.000
 Z47            1.000         1.000
 Z48            1.000         1.000         1.000
 Z49            1.000         1.000         1.000         1.000
 Z50            1.000         1.000         1.000         1.000         1.000
 Z51            1.000         1.000         1.000         1.000         1.000
 Z52            1.000         1.000         1.000         1.000         1.000
 Z53            1.000         1.000         1.000         1.000         1.000
 Z54            1.000         1.000         1.000         1.000         1.000
 Z55            1.000         1.000         1.000         1.000         1.000
 Z56            1.000         1.000         1.000         1.000         1.000
 Z57            1.000         1.000         1.000         1.000         1.000
 Z58            1.000         1.000         1.000         1.000         1.000
 Z59            1.000         1.000         1.000         1.000         1.000
 Z60            1.000         1.000         1.000         1.000         1.000
 Z61            1.000         1.000         1.000         1.000         1.000
 Z62            1.000         1.000         1.000         1.000         1.000
 Z63            1.000         1.000         1.000         1.000         1.000
 Z64            1.000         1.000         1.000         1.000         1.000
 Z65            1.000         1.000         1.000         1.000         1.000
 Z66            1.000         1.000         1.000         1.000         1.000
 Z67            1.000         1.000         1.000         1.000         1.000
 Z68            1.000         1.000         1.000         1.000         1.000
 Z69            1.000         1.000         1.000         1.000         1.000
 Z70            1.000         1.000         1.000         1.000         1.000
 Z71            1.000         1.000         1.000         1.000         1.000
 Z72            1.000         1.000         1.000         1.000         1.000
 Z73            1.000         1.000         1.000         1.000         1.000
 Z74            1.000         1.000         1.000         1.000         1.000
 Z75            1.000         1.000         1.000         1.000         1.000
 Z76            1.000         1.000         1.000         1.000         1.000
 Z77            1.000         1.000         1.000         1.000         1.000
 Z78            1.000         1.000         1.000         1.000         1.000
 Z79            1.000         1.000         1.000         1.000         1.000
 Z80            1.000         1.000         1.000         1.000         1.000


           Covariance Coverage
              Z51           Z52           Z53           Z54           Z55
              ________      ________      ________      ________      ________
 Z51            1.000
 Z52            1.000         1.000
 Z53            1.000         1.000         1.000
 Z54            1.000         1.000         1.000         1.000
 Z55            1.000         1.000         1.000         1.000         1.000
 Z56            1.000         1.000         1.000         1.000         1.000
 Z57            1.000         1.000         1.000         1.000         1.000
 Z58            1.000         1.000         1.000         1.000         1.000
 Z59            1.000         1.000         1.000         1.000         1.000
 Z60            1.000         1.000         1.000         1.000         1.000
 Z61            1.000         1.000         1.000         1.000         1.000
 Z62            1.000         1.000         1.000         1.000         1.000
 Z63            1.000         1.000         1.000         1.000         1.000
 Z64            1.000         1.000         1.000         1.000         1.000
 Z65            1.000         1.000         1.000         1.000         1.000
 Z66            1.000         1.000         1.000         1.000         1.000
 Z67            1.000         1.000         1.000         1.000         1.000
 Z68            1.000         1.000         1.000         1.000         1.000
 Z69            1.000         1.000         1.000         1.000         1.000
 Z70            1.000         1.000         1.000         1.000         1.000
 Z71            1.000         1.000         1.000         1.000         1.000
 Z72            1.000         1.000         1.000         1.000         1.000
 Z73            1.000         1.000         1.000         1.000         1.000
 Z74            1.000         1.000         1.000         1.000         1.000
 Z75            1.000         1.000         1.000         1.000         1.000
 Z76            1.000         1.000         1.000         1.000         1.000
 Z77            1.000         1.000         1.000         1.000         1.000
 Z78            1.000         1.000         1.000         1.000         1.000
 Z79            1.000         1.000         1.000         1.000         1.000
 Z80            1.000         1.000         1.000         1.000         1.000


           Covariance Coverage
              Z56           Z57           Z58           Z59           Z60
              ________      ________      ________      ________      ________
 Z56            1.000
 Z57            1.000         1.000
 Z58            1.000         1.000         1.000
 Z59            1.000         1.000         1.000         1.000
 Z60            1.000         1.000         1.000         1.000         1.000
 Z61            1.000         1.000         1.000         1.000         1.000
 Z62            1.000         1.000         1.000         1.000         1.000
 Z63            1.000         1.000         1.000         1.000         1.000
 Z64            1.000         1.000         1.000         1.000         1.000
 Z65            1.000         1.000         1.000         1.000         1.000
 Z66            1.000         1.000         1.000         1.000         1.000
 Z67            1.000         1.000         1.000         1.000         1.000
 Z68            1.000         1.000         1.000         1.000         1.000
 Z69            1.000         1.000         1.000         1.000         1.000
 Z70            1.000         1.000         1.000         1.000         1.000
 Z71            1.000         1.000         1.000         1.000         1.000
 Z72            1.000         1.000         1.000         1.000         1.000
 Z73            1.000         1.000         1.000         1.000         1.000
 Z74            1.000         1.000         1.000         1.000         1.000
 Z75            1.000         1.000         1.000         1.000         1.000
 Z76            1.000         1.000         1.000         1.000         1.000
 Z77            1.000         1.000         1.000         1.000         1.000
 Z78            1.000         1.000         1.000         1.000         1.000
 Z79            1.000         1.000         1.000         1.000         1.000
 Z80            1.000         1.000         1.000         1.000         1.000


           Covariance Coverage
              Z61           Z62           Z63           Z64           Z65
              ________      ________      ________      ________      ________
 Z61            1.000
 Z62            1.000         1.000
 Z63            1.000         1.000         1.000
 Z64            1.000         1.000         1.000         1.000
 Z65            1.000         1.000         1.000         1.000         1.000
 Z66            1.000         1.000         1.000         1.000         1.000
 Z67            1.000         1.000         1.000         1.000         1.000
 Z68            1.000         1.000         1.000         1.000         1.000
 Z69            1.000         1.000         1.000         1.000         1.000
 Z70            1.000         1.000         1.000         1.000         1.000
 Z71            1.000         1.000         1.000         1.000         1.000
 Z72            1.000         1.000         1.000         1.000         1.000
 Z73            1.000         1.000         1.000         1.000         1.000
 Z74            1.000         1.000         1.000         1.000         1.000
 Z75            1.000         1.000         1.000         1.000         1.000
 Z76            1.000         1.000         1.000         1.000         1.000
 Z77            1.000         1.000         1.000         1.000         1.000
 Z78            1.000         1.000         1.000         1.000         1.000
 Z79            1.000         1.000         1.000         1.000         1.000
 Z80            1.000         1.000         1.000         1.000         1.000


           Covariance Coverage
              Z66           Z67           Z68           Z69           Z70
              ________      ________      ________      ________      ________
 Z66            1.000
 Z67            1.000         1.000
 Z68            1.000         1.000         1.000
 Z69            1.000         1.000         1.000         1.000
 Z70            1.000         1.000         1.000         1.000         1.000
 Z71            1.000         1.000         1.000         1.000         1.000
 Z72            1.000         1.000         1.000         1.000         1.000
 Z73            1.000         1.000         1.000         1.000         1.000
 Z74            1.000         1.000         1.000         1.000         1.000
 Z75            1.000         1.000         1.000         1.000         1.000
 Z76            1.000         1.000         1.000         1.000         1.000
 Z77            1.000         1.000         1.000         1.000         1.000
 Z78            1.000         1.000         1.000         1.000         1.000
 Z79            1.000         1.000         1.000         1.000         1.000
 Z80            1.000         1.000         1.000         1.000         1.000


           Covariance Coverage
              Z71           Z72           Z73           Z74           Z75
              ________      ________      ________      ________      ________
 Z71            1.000
 Z72            1.000         1.000
 Z73            1.000         1.000         1.000
 Z74            1.000         1.000         1.000         1.000
 Z75            1.000         1.000         1.000         1.000         1.000
 Z76            1.000         1.000         1.000         1.000         1.000
 Z77            1.000         1.000         1.000         1.000         1.000
 Z78            1.000         1.000         1.000         1.000         1.000
 Z79            1.000         1.000         1.000         1.000         1.000
 Z80            1.000         1.000         1.000         1.000         1.000


           Covariance Coverage
              Z76           Z77           Z78           Z79           Z80
              ________      ________      ________      ________      ________
 Z76            1.000
 Z77            1.000         1.000
 Z78            1.000         1.000         1.000
 Z79            1.000         1.000         1.000         1.000
 Z80            1.000         1.000         1.000         1.000         1.000



UNIVARIATE SAMPLE STATISTICS


     UNIVARIATE HIGHER-ORDER MOMENT DESCRIPTIVE STATISTICS

         Variable/         Mean/     Skewness/   Minimum/ % with                Percentiles
        Sample Size      Variance    Kurtosis    Maximum  Min/Max      20%/60%    40%/80%    Median

     Z1                  180.500       0.000       1.000    0.28%      72.000    144.000    180.500
             360.000   10799.917      -1.200     360.000    0.28%     216.000    288.000
     Z2                    0.000      -0.010      -3.747    0.28%      -0.821     -0.192      0.009
             360.000       0.997       0.214       3.187    0.28%       0.377      0.757
     Z3                    0.000       0.345      -2.525    0.28%      -0.946     -0.322     -0.112
             360.000       0.997      -0.312       2.931    0.28%       0.243      0.873
     Z4                    0.000       0.408      -2.918    0.28%      -0.872     -0.599     -0.162
             360.000       0.997      -0.376       3.066    0.28%       0.233      0.942
     Z5                    0.000       0.743      -2.653    0.28%      -0.888     -0.519     -0.178
             360.000       0.997       0.217       3.077    0.28%       0.105      0.852
     Z6                    0.000      -2.054      -4.036    0.28%      -0.365      0.071      0.207
             360.000       0.997       5.053       2.286    0.28%       0.342      0.661
     Z7                    0.000      -0.889      -3.433    0.28%      -0.767     -0.059      0.151
             360.000       0.997       0.958       2.771    0.28%       0.352      0.773
     Z8                    0.000      -0.005      -4.282    0.28%      -0.518     -0.071      0.101
             360.000       0.997       9.599       7.284    0.28%       0.278      0.684
     Z9                    0.000       1.140      -3.484    0.28%      -0.659     -0.132      0.125
             360.000       0.997      14.702       8.546    0.28%       0.271      0.630
     Z10                   0.000       0.488      -2.691    0.28%      -0.897     -0.173      0.135
             360.000       0.997       1.853       4.280    0.28%       0.381      0.658
     Z11                   0.000       0.404      -2.813    0.28%      -0.888     -0.144      0.153
             360.000       0.997       2.217       4.787    0.28%       0.385      0.682
     Z12                   0.000       0.627      -2.359    0.28%      -0.832     -0.338     -0.015
             360.000       0.997       1.450       4.201    0.28%       0.212      0.797
     Z13                   0.000       0.190      -2.569    0.28%      -0.994     -0.417     -0.033
             360.000       0.997      -0.275       3.487    0.28%       0.332      0.915
     Z14                   0.000      -2.023      -4.382    0.28%      -0.414      0.080      0.211
             360.000       0.997       4.884       1.706    0.28%       0.347      0.691
     Z15                   0.000      -0.899      -3.318    0.28%      -0.731     -0.075      0.156
             360.000       0.997       0.996       2.215    0.28%       0.353      0.774
     Z16                   0.000      -1.960      -5.868    0.56%      -0.534     -0.043      0.131
             360.000       0.997       8.058       2.315    0.28%       0.309      0.655
     Z17                   0.000      -0.765      -3.681    0.28%      -0.653     -0.133      0.078
             360.000       0.997       1.457       2.506    0.28%       0.287      0.763
     Z18                   0.000       0.192      -3.901    0.28%      -0.451     -0.180     -0.118
             360.000       0.997       4.125       4.848    0.28%      -0.036      0.643
     Z19                   0.000      -0.430      -2.200    0.28%      -0.733     -0.061      0.106
             360.000       0.997       0.428       3.130    0.28%       0.294      0.739
     Z20                   0.000       0.165      -3.745    0.28%      -0.670     -0.229     -0.033
             360.000       0.997       2.209       4.504    0.28%       0.072      0.757
     Z21                   0.000      -0.111      -4.585    0.28%      -0.552     -0.177     -0.050
             360.000       0.997       3.063       4.055    0.28%       0.083      0.680
     Z22                   0.000      -2.037      -4.385    0.28%      -0.492      0.066      0.252
             360.000       0.997       5.091       1.351    0.28%       0.392      0.689
     Z23                   0.000      -0.952      -3.334    0.28%      -0.691     -0.071      0.212
             360.000       0.997       0.877       1.934    0.28%       0.395      0.798
     Z24                   0.000       0.020      -3.075    0.28%      -0.807     -0.183      0.017
             360.000       0.997       0.773       3.378    0.56%       0.199      0.755
     Z25                   0.000       0.089      -3.074    0.28%      -0.809     -0.208     -0.053
             360.000       0.997       0.279       3.172    0.28%       0.163      0.764
     Z26                   0.000       0.366      -2.661    0.28%      -0.768     -0.397     -0.113
             360.000       0.997       0.152       2.513    1.67%       0.132      0.787
     Z27                   0.000       0.090      -2.603    0.28%      -0.774     -0.387     -0.061
             360.000       0.997      -0.545       2.065    1.67%       0.280      0.880
     Z28                   0.000       0.367      -2.374    0.28%      -0.761     -0.298      0.000
             360.000       0.997       0.231       2.608    1.67%       0.060      0.775
     Z29                   0.000       0.188      -2.310    0.28%      -0.816     -0.392     -0.172
             360.000       0.997      -0.558       2.123    0.28%       0.228      0.873
     Z30                   0.000      -2.180      -4.297    0.28%      -0.358      0.029      0.187
             360.000       0.997       5.655       1.483    0.28%       0.357      0.671
     Z31                   0.000      -0.926      -3.409    0.28%      -0.691     -0.107      0.150
             360.000       0.997       0.724       2.004    0.28%       0.367      0.827
     Z32                   0.000      -0.004      -3.758    0.28%      -0.741     -0.221      0.002
             360.000       0.997       1.218       3.659    0.28%       0.247      0.765
     Z33                   0.000      -0.248      -4.004    0.28%      -0.802     -0.220     -0.024
             360.000       0.997       0.728       3.360    0.28%       0.261      0.824
     Z34                   0.000       0.419      -3.696    0.28%      -0.557     -0.166     -0.024
             360.000       0.997       3.100       4.510    0.28%       0.100      0.587
     Z35                   0.000       0.067      -3.865    0.28%      -0.553     -0.166      0.025
             360.000       0.997       3.803       5.202    0.28%       0.239      0.565
     Z36                   0.000       0.802      -3.290    0.28%      -0.714     -0.340     -0.183
             360.000       0.997       2.431       4.371    0.28%       0.032      0.678
     Z37                   0.000       0.415      -3.944    0.28%      -0.780     -0.246     -0.084
             360.000       0.997       3.526       5.020    0.28%       0.126      0.686
     Z38                   0.000      -1.916      -4.036    0.28%      -0.442      0.095      0.227
             360.000       0.997       4.323       1.527    0.28%       0.367      0.706
     Z39                   0.000      -0.948      -3.477    0.28%      -0.697     -0.085      0.150
             360.000       0.997       0.952       1.927    0.28%       0.389      0.829
     Z40                   0.000      -0.667      -3.411    0.28%      -0.745     -0.140      0.138
             360.000       0.997       0.591       2.061    0.28%       0.307      0.834
     Z41                   0.000      -0.717      -4.231    0.28%      -0.718     -0.123      0.104
             360.000       0.997       1.167       2.190    0.28%       0.310      0.754
     Z42                   0.000       0.530      -3.539    0.28%      -0.786     -0.189      0.054
             360.000       0.997       3.104       5.003    0.28%       0.223      0.597
     Z43                   0.000       0.310      -3.104    0.28%      -0.859     -0.390     -0.091
             360.000       0.997       0.192       4.237    0.28%       0.142      1.018
     Z44                   0.000       1.158      -2.852    0.28%      -0.769     -0.301     -0.045
             360.000       0.997       4.107       5.645    0.28%       0.007      0.675
     Z45                   0.000       0.637      -2.172    0.28%      -0.874     -0.424     -0.185
             360.000       0.997       0.466       4.376    0.28%       0.158      0.723
     Z46                   0.000      -2.012      -4.149    0.28%      -0.416      0.063      0.220
             360.000       0.997       4.788       1.496    0.28%       0.365      0.711
     Z47                   0.000      -0.907      -3.252    0.28%      -0.712     -0.058      0.156
             360.000       0.997       0.781       1.941    0.28%       0.366      0.829
     Z48                   0.000      -0.813      -5.053    0.28%      -0.746     -0.202      0.139
             360.000       0.997       1.771       2.342    0.28%       0.320      0.798
     Z49                   0.000      -0.567      -3.573    0.28%      -0.724     -0.157      0.101
             360.000       0.997       0.770       2.335    0.28%       0.335      0.784
     Z50                   0.000       0.110      -4.154    0.28%      -0.698     -0.183     -0.018
             360.000       0.997       2.147       4.140    0.28%       0.236      0.657
     Z51                   0.000       0.088      -3.180    0.28%      -0.858     -0.253     -0.025
             360.000       0.997       0.826       4.514    0.28%       0.217      0.942
     Z52                   0.000       0.444      -3.737    0.28%      -0.631     -0.423     -0.208
             360.000       0.997       2.290       4.079    0.28%       0.054      0.763
     Z53                   0.000       0.129      -4.141    0.28%      -0.678     -0.315     -0.163
             360.000       0.997       3.404       4.768    0.28%       0.116      0.737
     Z54                   0.000      -1.883      -4.022    0.28%      -0.480      0.060      0.238
             360.000       0.997       4.334       1.433    0.28%       0.379      0.700
     Z55                   0.000      -0.913      -3.466    0.28%      -0.753     -0.094      0.213
             360.000       0.997       0.859       1.909    0.28%       0.374      0.817
     Z56                   0.000      -0.563      -3.483    0.28%      -0.744     -0.114      0.168
             360.000       0.997       0.965       3.045    0.28%       0.309      0.708
     Z57                   0.000      -0.505      -4.321    0.28%      -0.683     -0.157      0.065
             360.000       0.997       1.641       3.106    0.28%       0.275      0.718
     Z58                   0.000       0.474      -3.462    0.28%      -0.752     -0.195      0.008
             360.000       0.997       2.768       4.709    0.28%       0.118      0.746
     Z59                   0.000       0.456      -2.673    0.28%      -0.873     -0.376     -0.118
             360.000       0.997       0.007       3.098    0.28%       0.275      0.763
     Z60                   0.000       0.184      -3.844    0.28%      -0.643     -0.114      0.038
             360.000       0.997       3.944       4.786    0.28%       0.310      0.742
     Z61                   0.000       0.198      -3.361    0.28%      -0.827     -0.308     -0.082
             360.000       0.997       0.636       3.425    0.28%       0.191      0.889
     Z62                   0.000      -1.917      -4.426    0.28%      -0.436      0.093      0.258
             360.000       0.997       4.279       1.476    0.28%       0.421      0.667
     Z63                   0.000      -1.030      -3.370    0.28%      -0.712     -0.013      0.201
             360.000       0.997       1.161       2.089    0.28%       0.388      0.793
     Z64                   0.000       0.318      -3.677    0.28%      -0.706     -0.286     -0.034
             360.000       0.997       2.594       5.299    0.28%       0.186      0.733
     Z65                   0.000       0.161      -3.872    0.28%      -0.763     -0.200     -0.013
             360.000       0.997       2.374       5.051    0.28%       0.176      0.796
     Z66                   0.000       0.374      -2.726    0.28%      -0.943     -0.292      0.018
             360.000       0.997       0.573       3.217    0.28%       0.213      0.671
     Z67                   0.000       0.824      -2.354    0.28%      -0.885     -0.404     -0.137
             360.000       0.997       0.997       3.828    0.28%       0.207      0.681
     Z68                   0.000      -0.183      -2.876    0.28%      -0.873     -0.275     -0.017
             360.000       0.997      -0.246       2.443    0.28%       0.366      0.903
     Z69                   0.000       0.285      -3.134    0.28%      -0.737     -0.328     -0.167
             360.000       0.997       0.340       3.282    0.28%       0.125      0.837
     Z70                   0.000      -1.507      -3.809    0.28%      -0.513     -0.044      0.176
             360.000       0.997       2.952       1.738    0.28%       0.345      0.769
     Z71                   0.000      -0.648      -3.192    0.28%      -0.765     -0.107      0.089
             360.000       0.997       0.333       2.197    0.28%       0.396      0.836
     Z72                   0.000      -0.686      -4.676    0.28%      -0.742     -0.187      0.087
             360.000       0.997       2.742       3.535    0.28%       0.294      0.729
     Z73                   0.000      -0.212      -3.654    0.28%      -0.786     -0.270      0.057
             360.000       0.997       0.555       2.972    0.28%       0.305      0.780
     Z74                   0.000       0.198      -3.598    0.28%      -0.723     -0.186     -0.007
             360.000       0.997       1.228       3.839    0.28%       0.210      0.641
     Z75                   0.000       0.130      -1.961    0.28%      -0.979     -0.263     -0.049
             360.000       0.997      -0.769       2.659    0.28%       0.254      0.950
     Z76                   0.000       0.353      -3.608    0.28%      -0.777     -0.287     -0.095
             360.000       0.997       0.875       3.721    0.28%       0.068      0.767
     Z77                   0.000       0.301      -2.932    0.28%      -0.874     -0.328      0.016
             360.000       0.997      -0.049       3.157    0.28%       0.315      0.825
     Z78                   0.000      -2.219      -4.619    0.28%      -0.387      0.078      0.221
             360.000       0.997       5.921       1.331    0.28%       0.364      0.665
     Z79                   0.000      -0.998      -3.882    0.28%      -0.773     -0.027      0.167
             360.000       0.997       1.104       1.893    0.28%       0.348      0.792
     Z80                   0.000      -1.674      -4.800    0.56%      -0.615      0.023      0.173
             360.000       0.997       4.899       2.216    0.28%       0.326      0.772


     THIS ANALYSIS MAY HAVE MULTIPLE SOLUTIONS.  EXPLORE THIS USING RANDOM STARTS,
     FOR EXAMPLE, STARTS = 20.  USE A LARGE ENOUGH NUMBER OF STARTS SO THAT THE
     BEST FIT FUNCTION VALUE IS REPLICATED SEVERAL TIMES.


     NO CONVERGENCE.  NUMBER OF ITERATIONS EXCEEDED.



MODEL RESULTS

                    Estimate

 M1       BY
    Z1                 1.000
    Z2                -1.043
    Z3                -0.800
    Z4                -0.825

 M2       BY
    Z5                 1.000
    Z6                -1.879
    Z7                -2.218
    Z8                -1.924

 M3       BY
    Z9                 1.000
    Z10                5.199
    Z11                4.953
    Z12                4.418

 M4       BY
    Z13                1.000
    Z14                5.564
    Z15                6.389
    Z16                6.752

 M5       BY
    Z17                1.000
    Z18                2.539
    Z19               -0.025
    Z20                2.435

 M6       BY
    Z21                1.000
    Z22               11.620
    Z23                5.071
    Z24                4.515

 M7       BY
    Z25                1.000
    Z26                5.988
    Z27                5.544
    Z28                5.796

 M8       BY
    Z29                1.000
    Z30                2.605
    Z31                3.183
    Z32                1.529

 M9       BY
    Z33                1.000
    Z34                9.245
    Z35                5.628
    Z36                7.261

 M10      BY
    Z37                1.000
    Z38                9.303
    Z39                2.867
    Z40                2.815

 M11      BY
    Z41                1.000
    Z42                9.362
    Z43                3.124
    Z44                4.684

 M12      BY
    Z45                1.000
    Z46              -20.561
    Z47              -12.155
    Z48              -13.683

 M13      BY
    Z49                1.000
    Z50               14.648
    Z51                6.726
    Z52                8.395

 M14      BY
    Z53                1.000
    Z54              -10.963
    Z55               -9.789
    Z56               -7.911

 M15      BY
    Z57                1.000
    Z58               -2.383
    Z59               -1.402
    Z60               -1.770

 M16      BY
    Z61                1.000
    Z62               -6.486
    Z63               -8.351
    Z64               -1.168

 M17      BY
    Z65                1.000
    Z66               -8.883
    Z67               -8.856
    Z68               -6.473

 M18      BY
    Z69                1.000
    Z70                8.935
    Z71                4.974
    Z72                2.145

 M19      BY
    Z73                1.000
    Z74               17.731
    Z75                4.448
    Z76               13.634

 M20      BY
    Z77                1.000
    Z78               -5.448
    Z79               -5.259
    Z80               -4.752

 M1       WITH
    M2                 0.000
    M3                 0.000
    M4                 0.000
    M5                 0.000
    M6                 0.000
    M7                 0.000
    M8                 0.000
    M9                 0.000
    M10                0.000
    M11                0.000
    M12                0.000
    M13                0.000
    M14                0.000
    M15                0.000
    M16                0.000
    M17                0.000
    M18                0.000
    M19                0.000
    M20                0.000

 M2       WITH
    M3                 0.000
    M4                 0.000
    M5                 0.000
    M6                 0.000
    M7                 0.000
    M8                 0.000
    M9                 0.000
    M10                0.000
    M11                0.000
    M12                0.000
    M13                0.000
    M14                0.000
    M15                0.000
    M16                0.000
    M17                0.000
    M18                0.000
    M19                0.000
    M20                0.000

 M3       WITH
    M4                 0.000
    M5                 0.000
    M6                 0.000
    M7                 0.000
    M8                 0.000
    M9                 0.000
    M10                0.000
    M11                0.000
    M12                0.000
    M13                0.000
    M14                0.000
    M15                0.000
    M16                0.000
    M17                0.000
    M18                0.000
    M19                0.000
    M20                0.000

 M4       WITH
    M5                 0.000
    M6                 0.000
    M7                 0.000
    M8                 0.000
    M9                 0.000
    M10                0.000
    M11                0.000
    M12                0.000
    M13                0.000
    M14                0.000
    M15                0.000
    M16                0.000
    M17                0.000
    M18                0.000
    M19                0.000
    M20                0.000

 M5       WITH
    M6                 0.000
    M7                 0.000
    M8                 0.000
    M9                 0.000
    M10                0.000
    M11                0.000
    M12                0.000
    M13                0.000
    M14                0.000
    M15                0.000
    M16                0.000
    M17                0.000
    M18                0.000
    M19                0.000
    M20                0.000

 M6       WITH
    M7                 0.000
    M8                 0.000
    M9                 0.000
    M10                0.000
    M11                0.000
    M12                0.000
    M13                0.000
    M14                0.000
    M15                0.000
    M16                0.000
    M17                0.000
    M18                0.000
    M19                0.000
    M20                0.000

 M7       WITH
    M8                 0.000
    M9                 0.000
    M10                0.000
    M11                0.000
    M12                0.000
    M13                0.000
    M14                0.000
    M15                0.000
    M16                0.000
    M17                0.000
    M18                0.000
    M19                0.000
    M20                0.000

 M8       WITH
    M9                 0.000
    M10                0.000
    M11                0.000
    M12                0.000
    M13                0.000
    M14                0.000
    M15                0.000
    M16                0.000
    M17                0.000
    M18                0.000
    M19                0.000
    M20                0.000

 M9       WITH
    M10                0.000
    M11                0.000
    M12                0.000
    M13                0.000
    M14                0.000
    M15                0.000
    M16                0.000
    M17                0.000
    M18                0.000
    M19                0.000
    M20                0.000

 M10      WITH
    M11                0.000
    M12                0.000
    M13                0.000
    M14                0.000
    M15                0.000
    M16                0.000
    M17                0.000
    M18                0.000
    M19                0.000
    M20                0.000

 M11      WITH
    M12                0.000
    M13                0.000
    M14                0.000
    M15                0.000
    M16                0.000
    M17                0.000
    M18                0.000
    M19                0.000
    M20                0.000

 M12      WITH
    M13                0.000
    M14                0.000
    M15                0.000
    M16                0.000
    M17                0.000
    M18                0.000
    M19                0.000
    M20                0.000

 M13      WITH
    M14                0.000
    M15                0.000
    M16                0.000
    M17                0.000
    M18                0.000
    M19                0.000
    M20                0.000

 M14      WITH
    M15                0.000
    M16                0.000
    M17                0.000
    M18                0.000
    M19                0.000
    M20                0.000

 M15      WITH
    M16                0.000
    M17                0.000
    M18                0.000
    M19                0.000
    M20                0.000

 M16      WITH
    M17                0.000
    M18                0.000
    M19                0.000
    M20                0.000

 M17      WITH
    M18                0.000
    M19                0.000
    M20                0.000

 M18      WITH
    M19                0.000
    M20                0.000

 M19      WITH
    M20                0.000

 Intercepts
    Z1               180.500
    Z2                 0.000
    Z3                 0.000
    Z4                 0.000
    Z5                 0.000
    Z6                 0.000
    Z7                 0.000
    Z8                 0.000
    Z9                 0.000
    Z10                0.000
    Z11                0.000
    Z12                0.000
    Z13                0.000
    Z14                0.000
    Z15                0.000
    Z16                0.000
    Z17                0.000
    Z18                0.000
    Z19                0.000
    Z20                0.000
    Z21                0.000
    Z22                0.000
    Z23                0.000
    Z24                0.000
    Z25                0.000
    Z26                0.000
    Z27                0.000
    Z28                0.000
    Z29                0.000
    Z30                0.000
    Z31                0.000
    Z32                0.000
    Z33                0.000
    Z34                0.000
    Z35                0.000
    Z36                0.000
    Z37                0.000
    Z38                0.000
    Z39                0.000
    Z40                0.000
    Z41                0.000
    Z42                0.000
    Z43                0.000
    Z44                0.000
    Z45                0.000
    Z46                0.000
    Z47                0.000
    Z48                0.000
    Z49                0.000
    Z50                0.000
    Z51                0.000
    Z52                0.000
    Z53                0.000
    Z54                0.000
    Z55                0.000
    Z56                0.000
    Z57                0.000
    Z58                0.000
    Z59                0.000
    Z60                0.000
    Z61                0.000
    Z62                0.000
    Z63                0.000
    Z64                0.000
    Z65                0.000
    Z66                0.000
    Z67                0.000
    Z68                0.000
    Z69                0.000
    Z70                0.000
    Z71                0.000
    Z72                0.000
    Z73                0.000
    Z74                0.000
    Z75                0.000
    Z76                0.000
    Z77                0.000
    Z78                0.000
    Z79                0.000
    Z80                0.000

 Variances
    M1                 0.975
    M2                 0.168
    M3                 0.037
    M4                 0.016
    M5                 0.152
    M6                 0.009
    M7                 0.025
    M8                 0.080
    M9                 0.012
    M10                0.017
    M11                0.015
    M12                0.002
    M13                0.006
    M14                0.008
    M15                0.293
    M16                0.015
    M17                0.017
    M18                0.016
    M19                0.004
    M20                0.028

 Residual Variances
    Z1              5399.987
    Z2                -0.080
    Z3                 0.462
    Z4                 0.339
    Z5                 0.860
    Z6                 0.403
    Z7                 0.151
    Z8                 0.373
    Z9                 0.982
    Z10                0.002
    Z11                0.209
    Z12                0.287
    Z13                0.986
    Z14                0.369
    Z15                0.296
    Z16                0.334
    Z17                1.034
    Z18                0.036
    Z19                0.998
    Z20                0.117
    Z21                1.017
    Z22               -0.271
    Z23                0.592
    Z24                0.883
    Z25                0.976
    Z26                0.020
    Z27                0.169
    Z28                0.088
    Z29                0.922
    Z30                0.432
    Z31                0.144
    Z32                0.802
    Z33                0.979
    Z34               -0.157
    Z35                0.465
    Z36                0.278
    Z37                1.094
    Z38               -0.697
    Z39                0.716
    Z40                0.830
    Z41                0.988
    Z42               -0.578
    Z43                0.759
    Z44                0.481
    Z45                0.996
    Z46                0.125
    Z47                0.454
    Z48                0.522
    Z49                0.992
    Z50               -0.470
    Z51                0.603
    Z52                0.465
    Z53                0.992
    Z54                0.280
    Z55                0.161
    Z56                0.345
    Z57                1.379
    Z58               -0.210
    Z59                0.489
    Z60                0.489
    Z61                1.004
    Z62                0.447
    Z63                0.037
    Z64                0.898
    Z65                1.006
    Z66               -0.116
    Z67                0.553
    Z68                0.231
    Z69                0.976
    Z70               -0.248
    Z71                0.575
    Z72                0.878
    Z73                0.988
    Z74               -0.293
    Z75                0.681
    Z76                0.331
    Z77                0.978
    Z78                0.354
    Z79                0.242
    Z80                0.333


MODEL COMMAND WITH FINAL ESTIMATES USED AS STARTING VALUES

     m1 BY z1@1;
     m1 BY z2*-1.04291;
     m1 BY z3*-0.80016;
     m1 BY z4*-0.82540;
     m2 BY z5@1;
     m2 BY z6*-1.87872;
     m2 BY z7*-2.21753;
     m2 BY z8*-1.92407;
     m3 BY z9@1;
     m3 BY z10*5.19914;
     m3 BY z11*4.95318;
     m3 BY z12*4.41845;
     m4 BY z13@1;
     m4 BY z14*5.56411;
     m4 BY z15*6.38904;
     m4 BY z16*6.75196;
     m5 BY z17@1;
     m5 BY z18*2.53894;
     m5 BY z19*-0.02505;
     m5 BY z20*2.43461;
     m6 BY z21@1;
     m6 BY z22*11.61976;
     m6 BY z23*5.07070;
     m6 BY z24*4.51483;
     m7 BY z25@1;
     m7 BY z26*5.98760;
     m7 BY z27*5.54353;
     m7 BY z28*5.79615;
     m8 BY z29@1;
     m8 BY z30*2.60464;
     m8 BY z31*3.18278;
     m8 BY z32*1.52909;
     m9 BY z33@1;
     m9 BY z34*9.24543;
     m9 BY z35*5.62806;
     m9 BY z36*7.26121;
     m10 BY z37@1;
     m10 BY z38*9.30335;
     m10 BY z39*2.86718;
     m10 BY z40*2.81469;
     m11 BY z41@1;
     m11 BY z42*9.36220;
     m11 BY z43*3.12357;
     m11 BY z44*4.68392;
     m12 BY z45@1;
     m12 BY z46*-20.56054;
     m12 BY z47*-12.15513;
     m12 BY z48*-13.68350;
     m13 BY z49@1;
     m13 BY z50*14.64814;
     m13 BY z51*6.72591;
     m13 BY z52*8.39495;
     m14 BY z53@1;
     m14 BY z54*-10.96336;
     m14 BY z55*-9.78947;
     m14 BY z56*-7.91127;
     m15 BY z57@1;
     m15 BY z58*-2.38314;
     m15 BY z59*-1.40246;
     m15 BY z60*-1.77027;
     m16 BY z61@1;
     m16 BY z62*-6.48649;
     m16 BY z63*-8.35066;
     m16 BY z64*-1.16819;
     m17 BY z65@1;
     m17 BY z66*-8.88253;
     m17 BY z67*-8.85556;
     m17 BY z68*-6.47270;
     m18 BY z69@1;
     m18 BY z70*8.93492;
     m18 BY z71*4.97378;
     m18 BY z72*2.14458;
     m19 BY z73@1;
     m19 BY z74*17.73115;
     m19 BY z75*4.44798;
     m19 BY z76*13.63369;
     m20 BY z77@1;
     m20 BY z78*-5.44785;
     m20 BY z79*-5.25948;
     m20 BY z80*-4.75156;

     m1 WITH m2@0;
     m1 WITH m3@0;
     m1 WITH m4@0;
     m1 WITH m5@0;
     m1 WITH m6@0;
     m1 WITH m7@0;
     m1 WITH m8@0;
     m1 WITH m9@0;
     m1 WITH m10@0;
     m1 WITH m11@0;
     m1 WITH m12@0;
     m1 WITH m13@0;
     m1 WITH m14@0;
     m1 WITH m15@0;
     m1 WITH m16@0;
     m1 WITH m17@0;
     m1 WITH m18@0;
     m1 WITH m19@0;
     m1 WITH m20@0;
     m2 WITH m3@0;
     m2 WITH m4@0;
     m2 WITH m5@0;
     m2 WITH m6@0;
     m2 WITH m7@0;
     m2 WITH m8@0;
     m2 WITH m9@0;
     m2 WITH m10@0;
     m2 WITH m11@0;
     m2 WITH m12@0;
     m2 WITH m13@0;
     m2 WITH m14@0;
     m2 WITH m15@0;
     m2 WITH m16@0;
     m2 WITH m17@0;
     m2 WITH m18@0;
     m2 WITH m19@0;
     m2 WITH m20@0;
     m3 WITH m4@0;
     m3 WITH m5@0;
     m3 WITH m6@0;
     m3 WITH m7@0;
     m3 WITH m8@0;
     m3 WITH m9@0;
     m3 WITH m10@0;
     m3 WITH m11@0;
     m3 WITH m12@0;
     m3 WITH m13@0;
     m3 WITH m14@0;
     m3 WITH m15@0;
     m3 WITH m16@0;
     m3 WITH m17@0;
     m3 WITH m18@0;
     m3 WITH m19@0;
     m3 WITH m20@0;
     m4 WITH m5@0;
     m4 WITH m6@0;
     m4 WITH m7@0;
     m4 WITH m8@0;
     m4 WITH m9@0;
     m4 WITH m10@0;
     m4 WITH m11@0;
     m4 WITH m12@0;
     m4 WITH m13@0;
     m4 WITH m14@0;
     m4 WITH m15@0;
     m4 WITH m16@0;
     m4 WITH m17@0;
     m4 WITH m18@0;
     m4 WITH m19@0;
     m4 WITH m20@0;
     m5 WITH m6@0;
     m5 WITH m7@0;
     m5 WITH m8@0;
     m5 WITH m9@0;
     m5 WITH m10@0;
     m5 WITH m11@0;
     m5 WITH m12@0;
     m5 WITH m13@0;
     m5 WITH m14@0;
     m5 WITH m15@0;
     m5 WITH m16@0;
     m5 WITH m17@0;
     m5 WITH m18@0;
     m5 WITH m19@0;
     m5 WITH m20@0;
     m6 WITH m7@0;
     m6 WITH m8@0;
     m6 WITH m9@0;
     m6 WITH m10@0;
     m6 WITH m11@0;
     m6 WITH m12@0;
     m6 WITH m13@0;
     m6 WITH m14@0;
     m6 WITH m15@0;
     m6 WITH m16@0;
     m6 WITH m17@0;
     m6 WITH m18@0;
     m6 WITH m19@0;
     m6 WITH m20@0;
     m7 WITH m8@0;
     m7 WITH m9@0;
     m7 WITH m10@0;
     m7 WITH m11@0;
     m7 WITH m12@0;
     m7 WITH m13@0;
     m7 WITH m14@0;
     m7 WITH m15@0;
     m7 WITH m16@0;
     m7 WITH m17@0;
     m7 WITH m18@0;
     m7 WITH m19@0;
     m7 WITH m20@0;
     m8 WITH m9@0;
     m8 WITH m10@0;
     m8 WITH m11@0;
     m8 WITH m12@0;
     m8 WITH m13@0;
     m8 WITH m14@0;
     m8 WITH m15@0;
     m8 WITH m16@0;
     m8 WITH m17@0;
     m8 WITH m18@0;
     m8 WITH m19@0;
     m8 WITH m20@0;
     m9 WITH m10@0;
     m9 WITH m11@0;
     m9 WITH m12@0;
     m9 WITH m13@0;
     m9 WITH m14@0;
     m9 WITH m15@0;
     m9 WITH m16@0;
     m9 WITH m17@0;
     m9 WITH m18@0;
     m9 WITH m19@0;
     m9 WITH m20@0;
     m10 WITH m11@0;
     m10 WITH m12@0;
     m10 WITH m13@0;
     m10 WITH m14@0;
     m10 WITH m15@0;
     m10 WITH m16@0;
     m10 WITH m17@0;
     m10 WITH m18@0;
     m10 WITH m19@0;
     m10 WITH m20@0;
     m11 WITH m12@0;
     m11 WITH m13@0;
     m11 WITH m14@0;
     m11 WITH m15@0;
     m11 WITH m16@0;
     m11 WITH m17@0;
     m11 WITH m18@0;
     m11 WITH m19@0;
     m11 WITH m20@0;
     m12 WITH m13@0;
     m12 WITH m14@0;
     m12 WITH m15@0;
     m12 WITH m16@0;
     m12 WITH m17@0;
     m12 WITH m18@0;
     m12 WITH m19@0;
     m12 WITH m20@0;
     m13 WITH m14@0;
     m13 WITH m15@0;
     m13 WITH m16@0;
     m13 WITH m17@0;
     m13 WITH m18@0;
     m13 WITH m19@0;
     m13 WITH m20@0;
     m14 WITH m15@0;
     m14 WITH m16@0;
     m14 WITH m17@0;
     m14 WITH m18@0;
     m14 WITH m19@0;
     m14 WITH m20@0;
     m15 WITH m16@0;
     m15 WITH m17@0;
     m15 WITH m18@0;
     m15 WITH m19@0;
     m15 WITH m20@0;
     m16 WITH m17@0;
     m16 WITH m18@0;
     m16 WITH m19@0;
     m16 WITH m20@0;
     m17 WITH m18@0;
     m17 WITH m19@0;
     m17 WITH m20@0;
     m18 WITH m19@0;
     m18 WITH m20@0;
     m19 WITH m20@0;

     [ z1*180.50000 ];
     [ z2*0.00000 ];
     [ z3*0.00000 ];
     [ z4*0.00000 ];
     [ z5*0.00000 ];
     [ z6*0.00000 ];
     [ z7*0.00000 ];
     [ z8*0.00000 ];
     [ z9*0.00000 ];
     [ z10*0.00000 ];
     [ z11*0.00000 ];
     [ z12*0.00000 ];
     [ z13*0.00000 ];
     [ z14*0.00000 ];
     [ z15*0.00000 ];
     [ z16*0.00000 ];
     [ z17*0.00000 ];
     [ z18*0.00000 ];
     [ z19*0.00000 ];
     [ z20*0.00000 ];
     [ z21*0.00000 ];
     [ z22*0.00000 ];
     [ z23*0.00000 ];
     [ z24*0.00000 ];
     [ z25*0.00000 ];
     [ z26*0.00000 ];
     [ z27*0.00000 ];
     [ z28*0.00000 ];
     [ z29*0.00000 ];
     [ z30*0.00000 ];
     [ z31*0.00000 ];
     [ z32*0.00000 ];
     [ z33*0.00000 ];
     [ z34*0.00000 ];
     [ z35*0.00000 ];
     [ z36*0.00000 ];
     [ z37*0.00000 ];
     [ z38*0.00000 ];
     [ z39*0.00000 ];
     [ z40*0.00000 ];
     [ z41*0.00000 ];
     [ z42*0.00000 ];
     [ z43*0.00000 ];
     [ z44*0.00000 ];
     [ z45*0.00000 ];
     [ z46*0.00000 ];
     [ z47*0.00000 ];
     [ z48*0.00000 ];
     [ z49*0.00000 ];
     [ z50*0.00000 ];
     [ z51*0.00000 ];
     [ z52*0.00000 ];
     [ z53*0.00000 ];
     [ z54*0.00000 ];
     [ z55*0.00000 ];
     [ z56*0.00000 ];
     [ z57*0.00000 ];
     [ z58*0.00000 ];
     [ z59*0.00000 ];
     [ z60*0.00000 ];
     [ z61*0.00000 ];
     [ z62*0.00000 ];
     [ z63*0.00000 ];
     [ z64*0.00000 ];
     [ z65*0.00000 ];
     [ z66*0.00000 ];
     [ z67*0.00000 ];
     [ z68*0.00000 ];
     [ z69*0.00000 ];
     [ z70*0.00000 ];
     [ z71*0.00000 ];
     [ z72*0.00000 ];
     [ z73*0.00000 ];
     [ z74*0.00000 ];
     [ z75*0.00000 ];
     [ z76*0.00000 ];
     [ z77*0.00000 ];
     [ z78*0.00000 ];
     [ z79*0.00000 ];
     [ z80*0.00000 ];

     z1*5399.98730;
     z2*-0.08045;
     z3*0.46213;
     z4*0.33929;
     z5*0.85992;
     z6*0.40316;
     z7*0.15074;
     z8*0.37279;
     z9*0.98186;
     z10*0.00190;
     z11*0.20949;
     z12*0.28667;
     z13*0.98574;
     z14*0.36882;
     z15*0.29640;
     z16*0.33372;
     z17*1.03424;
     z18*0.03555;
     z19*0.99763;
     z20*0.11706;
     z21*1.01720;
     z22*-0.27083;
     z23*0.59155;
     z24*0.88255;
     z25*0.97581;
     z26*0.01966;
     z27*0.16874;
     z28*0.08842;
     z29*0.92244;
     z30*0.43188;
     z31*0.14389;
     z32*0.80167;
     z33*0.97873;
     z34*-0.15713;
     z35*0.46455;
     z36*0.27751;
     z37*1.09448;
     z38*-0.69694;
     z39*0.71552;
     z40*0.82957;
     z41*0.98788;
     z42*-0.57773;
     z43*0.75933;
     z44*0.48062;
     z45*0.99609;
     z46*0.12516;
     z47*0.45372;
     z48*0.52191;
     z49*0.99191;
     z50*-0.46984;
     z51*0.60268;
     z52*0.46520;
     z53*0.99174;
     z54*0.28000;
     z55*0.16137;
     z56*0.34462;
     z57*1.37934;
     z58*-0.20982;
     z59*0.48877;
     z60*0.48923;
     z61*1.00440;
     z62*0.44731;
     z63*0.03682;
     z64*0.89780;
     z65*1.00640;
     z66*-0.11644;
     z67*0.55342;
     z68*0.23074;
     z69*0.97594;
     z70*-0.24770;
     z71*0.57506;
     z72*0.87808;
     z73*0.98784;
     z74*-0.29297;
     z75*0.68059;
     z76*0.33063;
     z77*0.97811;
     z78*0.35449;
     z79*0.24176;
     z80*0.33274;
     m1*0.97455;
     m2*0.16797;
     m3*0.03671;
     m4*0.01650;
     m5*0.15217;
     m6*0.00870;
     m7*0.02450;
     m8*0.07991;
     m9*0.01219;
     m10*0.01710;
     m11*0.01548;
     m12*0.00214;
     m13*0.00570;
     m14*0.00839;
     m15*0.29324;
     m16*0.01454;
     m17*0.01660;
     m18*0.01646;
     m19*0.00404;
     m20*0.02789;



SAVEDATA INFORMATION


  Save file
    machines_2.dat

  Order and format of variables

    Z1             F10.3
    Z2             F10.3
    Z3             F10.3
    Z4             F10.3
    Z5             F10.3
    Z6             F10.3
    Z7             F10.3
    Z8             F10.3
    Z9             F10.3
    Z10            F10.3
    Z11            F10.3
    Z12            F10.3
    Z13            F10.3
    Z14            F10.3
    Z15            F10.3
    Z16            F10.3
    Z17            F10.3
    Z18            F10.3
    Z19            F10.3
    Z20            F10.3
    Z21            F10.3
    Z22            F10.3
    Z23            F10.3
    Z24            F10.3
    Z25            F10.3
    Z26            F10.3
    Z27            F10.3
    Z28            F10.3
    Z29            F10.3
    Z30            F10.3
    Z31            F10.3
    Z32            F10.3
    Z33            F10.3
    Z34            F10.3
    Z35            F10.3
    Z36            F10.3
    Z37            F10.3
    Z38            F10.3
    Z39            F10.3
    Z40            F10.3
    Z41            F10.3
    Z42            F10.3
    Z43            F10.3
    Z44            F10.3
    Z45            F10.3
    Z46            F10.3
    Z47            F10.3
    Z48            F10.3
    Z49            F10.3
    Z50            F10.3
    Z51            F10.3
    Z52            F10.3
    Z53            F10.3
    Z54            F10.3
    Z55            F10.3
    Z56            F10.3
    Z57            F10.3
    Z58            F10.3
    Z59            F10.3
    Z60            F10.3
    Z61            F10.3
    Z62            F10.3
    Z63            F10.3
    Z64            F10.3
    Z65            F10.3
    Z66            F10.3
    Z67            F10.3
    Z68            F10.3
    Z69            F10.3
    Z70            F10.3
    Z71            F10.3
    Z72            F10.3
    Z73            F10.3
    Z74            F10.3
    Z75            F10.3
    Z76            F10.3
    Z77            F10.3
    Z78            F10.3
    Z79            F10.3
    Z80            F10.3

  Save file format
    80F10.3

  Save file record length    10000

  Save missing symbol        *


     Beginning Time:  15:04:17
        Ending Time:  15:05:33
       Elapsed Time:  00:01:16



MUTHEN & MUTHEN
3463 Stoner Ave.
Los Angeles, CA  90066

Tel: (310) 391-9971
Fax: (310) 391-8971
Web: www.StatModel.com
Support: Support@StatModel.com

Copyright (c) 1998-2021 Muthen & Muthen
