Mplus VERSION 8.6 (Mac)
MUTHEN & MUTHEN
07/31/2023   3:19 PM

INPUT INSTRUCTIONS

  TITLE:
  model;
  DATA:
  FILE = "VI_data_collection/_data/mplus_output/machine_3.dat";

  VARIABLE:
  NAMES = ;
   MISSING=.;
   NAMES ARE  z1-z40;
  ANALYSIS:
  ITERATIONS = 5000;
  MODEL:

    m1  BY  z1-z4;
    m2  BY  z5-z8;
    m3  BY  z9-z12;
    m4  BY z13-z16;
    m5  BY z17-z20;
    m6  BY z21-z24;
    m7  BY z25-z28;
    m8  BY z29-z32;
    m9  BY z33-z36;
    m10 BY z37-z40;





  OUTPUT:
  standardized cinterval
  SAVEDATA:
  FILE IS machines_3.dat;



INPUT READING TERMINATED NORMALLY




model;

SUMMARY OF ANALYSIS

Number of groups                                                 1
Number of observations                                         360

Number of dependent variables                                   40
Number of independent variables                                  0
Number of continuous latent variables                           10

Observed dependent variables

  Continuous
   Z1          Z2          Z3          Z4          Z5          Z6
   Z7          Z8          Z9          Z10         Z11         Z12
   Z13         Z14         Z15         Z16         Z17         Z18
   Z19         Z20         Z21         Z22         Z23         Z24
   Z25         Z26         Z27         Z28         Z29         Z30
   Z31         Z32         Z33         Z34         Z35         Z36
   Z37         Z38         Z39         Z40

Continuous latent variables
   M1          M2          M3          M4          M5          M6
   M7          M8          M9          M10


Estimator                                                       ML
Information matrix                                        OBSERVED
Maximum number of iterations                                  5000
Convergence criterion                                    0.500D-04
Maximum number of steepest descent iterations                   20
Maximum number of iterations for H1                           2000
Convergence criterion for H1                             0.100D-03

Input data file(s)
  VI_data_collection/_data/mplus_output/machine_3.dat

Input data format  FREE


SUMMARY OF DATA

     Number of missing data patterns             1


COVARIANCE COVERAGE OF DATA

Minimum covariance coverage value   0.100


     PROPORTION OF DATA PRESENT


           Covariance Coverage
              Z1            Z2            Z3            Z4            Z5
              ________      ________      ________      ________      ________
 Z1             1.000
 Z2             1.000         1.000
 Z3             1.000         1.000         1.000
 Z4             1.000         1.000         1.000         1.000
 Z5             1.000         1.000         1.000         1.000         1.000
 Z6             1.000         1.000         1.000         1.000         1.000
 Z7             1.000         1.000         1.000         1.000         1.000
 Z8             1.000         1.000         1.000         1.000         1.000
 Z9             1.000         1.000         1.000         1.000         1.000
 Z10            1.000         1.000         1.000         1.000         1.000
 Z11            1.000         1.000         1.000         1.000         1.000
 Z12            1.000         1.000         1.000         1.000         1.000
 Z13            1.000         1.000         1.000         1.000         1.000
 Z14            1.000         1.000         1.000         1.000         1.000
 Z15            1.000         1.000         1.000         1.000         1.000
 Z16            1.000         1.000         1.000         1.000         1.000
 Z17            1.000         1.000         1.000         1.000         1.000
 Z18            1.000         1.000         1.000         1.000         1.000
 Z19            1.000         1.000         1.000         1.000         1.000
 Z20            1.000         1.000         1.000         1.000         1.000
 Z21            1.000         1.000         1.000         1.000         1.000
 Z22            1.000         1.000         1.000         1.000         1.000
 Z23            1.000         1.000         1.000         1.000         1.000
 Z24            1.000         1.000         1.000         1.000         1.000
 Z25            1.000         1.000         1.000         1.000         1.000
 Z26            1.000         1.000         1.000         1.000         1.000
 Z27            1.000         1.000         1.000         1.000         1.000
 Z28            1.000         1.000         1.000         1.000         1.000
 Z29            1.000         1.000         1.000         1.000         1.000
 Z30            1.000         1.000         1.000         1.000         1.000
 Z31            1.000         1.000         1.000         1.000         1.000
 Z32            1.000         1.000         1.000         1.000         1.000
 Z33            1.000         1.000         1.000         1.000         1.000
 Z34            1.000         1.000         1.000         1.000         1.000
 Z35            1.000         1.000         1.000         1.000         1.000
 Z36            1.000         1.000         1.000         1.000         1.000
 Z37            1.000         1.000         1.000         1.000         1.000
 Z38            1.000         1.000         1.000         1.000         1.000
 Z39            1.000         1.000         1.000         1.000         1.000
 Z40            1.000         1.000         1.000         1.000         1.000


           Covariance Coverage
              Z6            Z7            Z8            Z9            Z10
              ________      ________      ________      ________      ________
 Z6             1.000
 Z7             1.000         1.000
 Z8             1.000         1.000         1.000
 Z9             1.000         1.000         1.000         1.000
 Z10            1.000         1.000         1.000         1.000         1.000
 Z11            1.000         1.000         1.000         1.000         1.000
 Z12            1.000         1.000         1.000         1.000         1.000
 Z13            1.000         1.000         1.000         1.000         1.000
 Z14            1.000         1.000         1.000         1.000         1.000
 Z15            1.000         1.000         1.000         1.000         1.000
 Z16            1.000         1.000         1.000         1.000         1.000
 Z17            1.000         1.000         1.000         1.000         1.000
 Z18            1.000         1.000         1.000         1.000         1.000
 Z19            1.000         1.000         1.000         1.000         1.000
 Z20            1.000         1.000         1.000         1.000         1.000
 Z21            1.000         1.000         1.000         1.000         1.000
 Z22            1.000         1.000         1.000         1.000         1.000
 Z23            1.000         1.000         1.000         1.000         1.000
 Z24            1.000         1.000         1.000         1.000         1.000
 Z25            1.000         1.000         1.000         1.000         1.000
 Z26            1.000         1.000         1.000         1.000         1.000
 Z27            1.000         1.000         1.000         1.000         1.000
 Z28            1.000         1.000         1.000         1.000         1.000
 Z29            1.000         1.000         1.000         1.000         1.000
 Z30            1.000         1.000         1.000         1.000         1.000
 Z31            1.000         1.000         1.000         1.000         1.000
 Z32            1.000         1.000         1.000         1.000         1.000
 Z33            1.000         1.000         1.000         1.000         1.000
 Z34            1.000         1.000         1.000         1.000         1.000
 Z35            1.000         1.000         1.000         1.000         1.000
 Z36            1.000         1.000         1.000         1.000         1.000
 Z37            1.000         1.000         1.000         1.000         1.000
 Z38            1.000         1.000         1.000         1.000         1.000
 Z39            1.000         1.000         1.000         1.000         1.000
 Z40            1.000         1.000         1.000         1.000         1.000


           Covariance Coverage
              Z11           Z12           Z13           Z14           Z15
              ________      ________      ________      ________      ________
 Z11            1.000
 Z12            1.000         1.000
 Z13            1.000         1.000         1.000
 Z14            1.000         1.000         1.000         1.000
 Z15            1.000         1.000         1.000         1.000         1.000
 Z16            1.000         1.000         1.000         1.000         1.000
 Z17            1.000         1.000         1.000         1.000         1.000
 Z18            1.000         1.000         1.000         1.000         1.000
 Z19            1.000         1.000         1.000         1.000         1.000
 Z20            1.000         1.000         1.000         1.000         1.000
 Z21            1.000         1.000         1.000         1.000         1.000
 Z22            1.000         1.000         1.000         1.000         1.000
 Z23            1.000         1.000         1.000         1.000         1.000
 Z24            1.000         1.000         1.000         1.000         1.000
 Z25            1.000         1.000         1.000         1.000         1.000
 Z26            1.000         1.000         1.000         1.000         1.000
 Z27            1.000         1.000         1.000         1.000         1.000
 Z28            1.000         1.000         1.000         1.000         1.000
 Z29            1.000         1.000         1.000         1.000         1.000
 Z30            1.000         1.000         1.000         1.000         1.000
 Z31            1.000         1.000         1.000         1.000         1.000
 Z32            1.000         1.000         1.000         1.000         1.000
 Z33            1.000         1.000         1.000         1.000         1.000
 Z34            1.000         1.000         1.000         1.000         1.000
 Z35            1.000         1.000         1.000         1.000         1.000
 Z36            1.000         1.000         1.000         1.000         1.000
 Z37            1.000         1.000         1.000         1.000         1.000
 Z38            1.000         1.000         1.000         1.000         1.000
 Z39            1.000         1.000         1.000         1.000         1.000
 Z40            1.000         1.000         1.000         1.000         1.000


           Covariance Coverage
              Z16           Z17           Z18           Z19           Z20
              ________      ________      ________      ________      ________
 Z16            1.000
 Z17            1.000         1.000
 Z18            1.000         1.000         1.000
 Z19            1.000         1.000         1.000         1.000
 Z20            1.000         1.000         1.000         1.000         1.000
 Z21            1.000         1.000         1.000         1.000         1.000
 Z22            1.000         1.000         1.000         1.000         1.000
 Z23            1.000         1.000         1.000         1.000         1.000
 Z24            1.000         1.000         1.000         1.000         1.000
 Z25            1.000         1.000         1.000         1.000         1.000
 Z26            1.000         1.000         1.000         1.000         1.000
 Z27            1.000         1.000         1.000         1.000         1.000
 Z28            1.000         1.000         1.000         1.000         1.000
 Z29            1.000         1.000         1.000         1.000         1.000
 Z30            1.000         1.000         1.000         1.000         1.000
 Z31            1.000         1.000         1.000         1.000         1.000
 Z32            1.000         1.000         1.000         1.000         1.000
 Z33            1.000         1.000         1.000         1.000         1.000
 Z34            1.000         1.000         1.000         1.000         1.000
 Z35            1.000         1.000         1.000         1.000         1.000
 Z36            1.000         1.000         1.000         1.000         1.000
 Z37            1.000         1.000         1.000         1.000         1.000
 Z38            1.000         1.000         1.000         1.000         1.000
 Z39            1.000         1.000         1.000         1.000         1.000
 Z40            1.000         1.000         1.000         1.000         1.000


           Covariance Coverage
              Z21           Z22           Z23           Z24           Z25
              ________      ________      ________      ________      ________
 Z21            1.000
 Z22            1.000         1.000
 Z23            1.000         1.000         1.000
 Z24            1.000         1.000         1.000         1.000
 Z25            1.000         1.000         1.000         1.000         1.000
 Z26            1.000         1.000         1.000         1.000         1.000
 Z27            1.000         1.000         1.000         1.000         1.000
 Z28            1.000         1.000         1.000         1.000         1.000
 Z29            1.000         1.000         1.000         1.000         1.000
 Z30            1.000         1.000         1.000         1.000         1.000
 Z31            1.000         1.000         1.000         1.000         1.000
 Z32            1.000         1.000         1.000         1.000         1.000
 Z33            1.000         1.000         1.000         1.000         1.000
 Z34            1.000         1.000         1.000         1.000         1.000
 Z35            1.000         1.000         1.000         1.000         1.000
 Z36            1.000         1.000         1.000         1.000         1.000
 Z37            1.000         1.000         1.000         1.000         1.000
 Z38            1.000         1.000         1.000         1.000         1.000
 Z39            1.000         1.000         1.000         1.000         1.000
 Z40            1.000         1.000         1.000         1.000         1.000


           Covariance Coverage
              Z26           Z27           Z28           Z29           Z30
              ________      ________      ________      ________      ________
 Z26            1.000
 Z27            1.000         1.000
 Z28            1.000         1.000         1.000
 Z29            1.000         1.000         1.000         1.000
 Z30            1.000         1.000         1.000         1.000         1.000
 Z31            1.000         1.000         1.000         1.000         1.000
 Z32            1.000         1.000         1.000         1.000         1.000
 Z33            1.000         1.000         1.000         1.000         1.000
 Z34            1.000         1.000         1.000         1.000         1.000
 Z35            1.000         1.000         1.000         1.000         1.000
 Z36            1.000         1.000         1.000         1.000         1.000
 Z37            1.000         1.000         1.000         1.000         1.000
 Z38            1.000         1.000         1.000         1.000         1.000
 Z39            1.000         1.000         1.000         1.000         1.000
 Z40            1.000         1.000         1.000         1.000         1.000


           Covariance Coverage
              Z31           Z32           Z33           Z34           Z35
              ________      ________      ________      ________      ________
 Z31            1.000
 Z32            1.000         1.000
 Z33            1.000         1.000         1.000
 Z34            1.000         1.000         1.000         1.000
 Z35            1.000         1.000         1.000         1.000         1.000
 Z36            1.000         1.000         1.000         1.000         1.000
 Z37            1.000         1.000         1.000         1.000         1.000
 Z38            1.000         1.000         1.000         1.000         1.000
 Z39            1.000         1.000         1.000         1.000         1.000
 Z40            1.000         1.000         1.000         1.000         1.000


           Covariance Coverage
              Z36           Z37           Z38           Z39           Z40
              ________      ________      ________      ________      ________
 Z36            1.000
 Z37            1.000         1.000
 Z38            1.000         1.000         1.000
 Z39            1.000         1.000         1.000         1.000
 Z40            1.000         1.000         1.000         1.000         1.000



UNIVARIATE SAMPLE STATISTICS


     UNIVARIATE HIGHER-ORDER MOMENT DESCRIPTIVE STATISTICS

         Variable/         Mean/     Skewness/   Minimum/ % with                Percentiles
        Sample Size      Variance    Kurtosis    Maximum  Min/Max      20%/60%    40%/80%    Median

     Z1                  180.500       0.000       1.000    0.28%      72.000    144.000    180.500
             360.000   10799.917      -1.200     360.000    0.28%     216.000    288.000
     Z2                    0.000      -0.010      -3.747    0.28%      -0.821     -0.192      0.009
             360.000       0.997       0.214       3.187    0.28%       0.377      0.757
     Z3                    0.000       0.408      -2.918    0.28%      -0.872     -0.599     -0.162
             360.000       0.997      -0.376       3.066    0.28%       0.233      0.942
     Z4                    0.000      -2.054      -4.036    0.28%      -0.365      0.071      0.207
             360.000       0.997       5.053       2.286    0.28%       0.342      0.661
     Z5                    0.000      -0.005      -4.282    0.28%      -0.518     -0.071      0.101
             360.000       0.997       9.599       7.284    0.28%       0.278      0.684
     Z6                    0.000       0.488      -2.691    0.28%      -0.897     -0.173      0.135
             360.000       0.997       1.853       4.280    0.28%       0.381      0.658
     Z7                    0.000       0.627      -2.359    0.28%      -0.832     -0.338     -0.015
             360.000       0.997       1.450       4.201    0.28%       0.212      0.797
     Z8                    0.000      -2.023      -4.382    0.28%      -0.414      0.080      0.211
             360.000       0.997       4.884       1.706    0.28%       0.347      0.691
     Z9                    0.000      -1.960      -5.868    0.56%      -0.534     -0.043      0.131
             360.000       0.997       8.058       2.315    0.28%       0.309      0.655
     Z10                   0.000       0.192      -3.901    0.28%      -0.451     -0.180     -0.118
             360.000       0.997       4.125       4.848    0.28%      -0.036      0.643
     Z11                   0.000       0.165      -3.745    0.28%      -0.670     -0.229     -0.033
             360.000       0.997       2.209       4.504    0.28%       0.072      0.757
     Z12                   0.000      -2.037      -4.385    0.28%      -0.492      0.066      0.252
             360.000       0.997       5.091       1.351    0.28%       0.392      0.689
     Z13                   0.000       0.020      -3.075    0.28%      -0.807     -0.183      0.017
             360.000       0.997       0.773       3.378    0.56%       0.199      0.755
     Z14                   0.000       0.366      -2.661    0.28%      -0.768     -0.397     -0.113
             360.000       0.997       0.152       2.513    1.67%       0.132      0.787
     Z15                   0.000       0.367      -2.374    0.28%      -0.761     -0.298      0.000
             360.000       0.997       0.231       2.608    1.67%       0.060      0.775
     Z16                   0.000      -2.180      -4.297    0.28%      -0.358      0.029      0.187
             360.000       0.997       5.655       1.483    0.28%       0.357      0.671
     Z17                   0.000      -0.004      -3.758    0.28%      -0.741     -0.221      0.002
             360.000       0.997       1.218       3.659    0.28%       0.247      0.765
     Z18                   0.000       0.419      -3.696    0.28%      -0.557     -0.166     -0.024
             360.000       0.997       3.100       4.510    0.28%       0.100      0.587
     Z19                   0.000       0.802      -3.290    0.28%      -0.714     -0.340     -0.183
             360.000       0.997       2.431       4.371    0.28%       0.032      0.678
     Z20                   0.000      -1.916      -4.036    0.28%      -0.442      0.095      0.227
             360.000       0.997       4.323       1.527    0.28%       0.367      0.706
     Z21                   0.000      -0.667      -3.411    0.28%      -0.745     -0.140      0.138
             360.000       0.997       0.591       2.061    0.28%       0.307      0.834
     Z22                   0.000       0.530      -3.539    0.28%      -0.786     -0.189      0.054
             360.000       0.997       3.104       5.003    0.28%       0.223      0.597
     Z23                   0.000       1.158      -2.852    0.28%      -0.769     -0.301     -0.045
             360.000       0.997       4.107       5.645    0.28%       0.007      0.675
     Z24                   0.000      -2.012      -4.149    0.28%      -0.416      0.063      0.220
             360.000       0.997       4.788       1.496    0.28%       0.365      0.711
     Z25                   0.000      -0.813      -5.053    0.28%      -0.746     -0.202      0.139
             360.000       0.997       1.771       2.342    0.28%       0.320      0.798
     Z26                   0.000       0.110      -4.154    0.28%      -0.698     -0.183     -0.018
             360.000       0.997       2.147       4.140    0.28%       0.236      0.657
     Z27                   0.000       0.444      -3.737    0.28%      -0.631     -0.423     -0.208
             360.000       0.997       2.290       4.079    0.28%       0.054      0.763
     Z28                   0.000      -1.883      -4.022    0.28%      -0.480      0.060      0.238
             360.000       0.997       4.334       1.433    0.28%       0.379      0.700
     Z29                   0.000      -0.563      -3.483    0.28%      -0.744     -0.114      0.168
             360.000       0.997       0.965       3.045    0.28%       0.309      0.708
     Z30                   0.000       0.474      -3.462    0.28%      -0.752     -0.195      0.008
             360.000       0.997       2.768       4.709    0.28%       0.118      0.746
     Z31                   0.000       0.184      -3.844    0.28%      -0.643     -0.114      0.038
             360.000       0.997       3.944       4.786    0.28%       0.310      0.742
     Z32                   0.000      -1.917      -4.426    0.28%      -0.436      0.093      0.258
             360.000       0.997       4.279       1.476    0.28%       0.421      0.667
     Z33                   0.000       0.318      -3.677    0.28%      -0.706     -0.286     -0.034
             360.000       0.997       2.594       5.299    0.28%       0.186      0.733
     Z34                   0.000       0.374      -2.726    0.28%      -0.943     -0.292      0.018
             360.000       0.997       0.573       3.217    0.28%       0.213      0.671
     Z35                   0.000      -0.183      -2.876    0.28%      -0.873     -0.275     -0.017
             360.000       0.997      -0.246       2.443    0.28%       0.366      0.903
     Z36                   0.000      -1.507      -3.809    0.28%      -0.513     -0.044      0.176
             360.000       0.997       2.952       1.738    0.28%       0.345      0.769
     Z37                   0.000      -0.686      -4.676    0.28%      -0.742     -0.187      0.087
             360.000       0.997       2.742       3.535    0.28%       0.294      0.729
     Z38                   0.000       0.198      -3.598    0.28%      -0.723     -0.186     -0.007
             360.000       0.997       1.228       3.839    0.28%       0.210      0.641
     Z39                   0.000       0.353      -3.608    0.28%      -0.777     -0.287     -0.095
             360.000       0.997       0.875       3.721    0.28%       0.068      0.767
     Z40                   0.000      -2.219      -4.619    0.28%      -0.387      0.078      0.221
             360.000       0.997       5.921       1.331    0.28%       0.364      0.665


     THIS ANALYSIS MAY HAVE MULTIPLE SOLUTIONS.  EXPLORE THIS USING RANDOM STARTS,
     FOR EXAMPLE, STARTS = 20.  USE A LARGE ENOUGH NUMBER OF STARTS SO THAT THE
     BEST FIT FUNCTION VALUE IS REPLICATED SEVERAL TIMES.


     NO CONVERGENCE.  NUMBER OF ITERATIONS EXCEEDED.



MODEL RESULTS

                    Estimate

 M1       BY
    Z1                 1.000
    Z2                -0.026
    Z3                -0.109
    Z4                 0.781

 M2       BY
    Z5                 1.000
    Z6                 0.263
    Z7                 0.078
    Z8                 1.617

 M3       BY
    Z9                 1.000
    Z10                0.127
    Z11                0.090
    Z12                1.620

 M4       BY
    Z13                1.000
    Z14                0.362
    Z15                0.646
    Z16                2.955

 M5       BY
    Z17                1.000
    Z18                0.548
    Z19                0.255
    Z20                3.455

 M6       BY
    Z21                1.000
    Z22                0.208
    Z23                0.059
    Z24                1.476

 M7       BY
    Z25                1.000
    Z26                0.180
    Z27                0.062
    Z28                1.609

 M8       BY
    Z29                1.000
    Z30               -0.051
    Z31                0.111
    Z32                1.420

 M9       BY
    Z33                1.000
    Z34                0.488
    Z35                0.991
    Z36                4.776

 M10      BY
    Z37                1.000
    Z38               86.059
    Z39               22.702
    Z40                0.838

 M2       WITH
    M1                 0.780

 M3       WITH
    M1                 0.742
    M2                 0.362

 M4       WITH
    M1                 0.423
    M2                 0.203
    M3                 0.200

 M5       WITH
    M1                 0.363
    M2                 0.176
    M3                 0.173
    M4                 0.096

 M6       WITH
    M1                 0.849
    M2                 0.412
    M3                 0.404
    M4                 0.223
    M5                 0.194

 M7       WITH
    M1                 0.765
    M2                 0.372
    M3                 0.376
    M4                 0.203
    M5                 0.178
    M6                 0.415

 M8       WITH
    M1                 0.833
    M2                 0.409
    M3                 0.408
    M4                 0.219
    M5                 0.193
    M6                 0.458
    M7                 0.418

 M9       WITH
    M1                 0.255
    M2                 0.124
    M3                 0.115
    M4                 0.067
    M5                 0.057
    M6                 0.137
    M7                 0.121
    M8                 0.138

 M10      WITH
    M1                 0.000
    M2                 0.000
    M3                 0.000
    M4                 0.000
    M5                 0.000
    M6                 0.000
    M7                 0.000
    M8                 0.000
    M9                 0.000

 Intercepts
    Z1               180.500
    Z2                 0.000
    Z3                 0.000
    Z4                 0.000
    Z5                 0.000
    Z6                 0.000
    Z7                 0.000
    Z8                 0.000
    Z9                 0.000
    Z10                0.000
    Z11                0.000
    Z12                0.000
    Z13                0.000
    Z14                0.000
    Z15                0.000
    Z16                0.000
    Z17                0.000
    Z18                0.000
    Z19                0.000
    Z20                0.000
    Z21                0.000
    Z22                0.000
    Z23                0.000
    Z24                0.000
    Z25                0.000
    Z26                0.000
    Z27                0.000
    Z28                0.000
    Z29                0.000
    Z30                0.000
    Z31                0.000
    Z32                0.000
    Z33                0.000
    Z34                0.000
    Z35                0.000
    Z36                0.000
    Z37                0.000
    Z38                0.000
    Z39                0.000
    Z40                0.000

 Variances
    M1                 1.646
    M2                 0.367
    M3                 0.356
    M4                 0.112
    M5                 0.087
    M6                 0.443
    M7                 0.383
    M8                 0.427
    M9                 0.041
    M10                0.000

 Residual Variances
    Z1             10777.167
    Z2                 0.996
    Z3                 0.978
    Z4                -0.006
    Z5                 0.631
    Z6                 0.972
    Z7                 0.995
    Z8                 0.038
    Z9                 0.641
    Z10                0.992
    Z11                0.994
    Z12                0.063
    Z13                0.886
    Z14                0.983
    Z15                0.951
    Z16                0.022
    Z17                0.910
    Z18                0.971
    Z19                0.992
    Z20               -0.046
    Z21                0.555
    Z22                0.978
    Z23                0.996
    Z24                0.032
    Z25                0.614
    Z26                0.985
    Z27                0.996
    Z28                0.005
    Z29                0.570
    Z30                0.996
    Z31                0.992
    Z32                0.136
    Z33                0.956
    Z34                0.987
    Z35                0.957
    Z36                0.057
    Z37                1.001
    Z38               -2.585
    Z39                0.748
    Z40                0.997


MODEL COMMAND WITH FINAL ESTIMATES USED AS STARTING VALUES

     m1 BY z1@1;
     m1 BY z2*-0.02556;
     m1 BY z3*-0.10919;
     m1 BY z4*0.78081;
     m2 BY z5@1;
     m2 BY z6*0.26302;
     m2 BY z7*0.07830;
     m2 BY z8*1.61709;
     m3 BY z9@1;
     m3 BY z10*0.12676;
     m3 BY z11*0.08989;
     m3 BY z12*1.61995;
     m4 BY z13@1;
     m4 BY z14*0.36220;
     m4 BY z15*0.64573;
     m4 BY z16*2.95471;
     m5 BY z17@1;
     m5 BY z18*0.54814;
     m5 BY z19*0.25535;
     m5 BY z20*3.45465;
     m6 BY z21@1;
     m6 BY z22*0.20789;
     m6 BY z23*0.05909;
     m6 BY z24*1.47631;
     m7 BY z25@1;
     m7 BY z26*0.17974;
     m7 BY z27*0.06191;
     m7 BY z28*1.60894;
     m8 BY z29@1;
     m8 BY z30*-0.05078;
     m8 BY z31*0.11139;
     m8 BY z32*1.41978;
     m9 BY z33@1;
     m9 BY z34*0.48796;
     m9 BY z35*0.99131;
     m9 BY z36*4.77563;
     m10 BY z37@1;
     m10 BY z38*86.05893;
     m10 BY z39*22.70153;
     m10 BY z40*0.83814;

     m2 WITH m1*0.77967;
     m3 WITH m1*0.74189;
     m3 WITH m2*0.36174;
     m4 WITH m1*0.42271;
     m4 WITH m2*0.20292;
     m4 WITH m3*0.20010;
     m5 WITH m1*0.36295;
     m5 WITH m2*0.17618;
     m5 WITH m3*0.17349;
     m5 WITH m4*0.09559;
     m6 WITH m1*0.84883;
     m6 WITH m2*0.41180;
     m6 WITH m3*0.40351;
     m6 WITH m4*0.22310;
     m6 WITH m5*0.19417;
     m7 WITH m1*0.76463;
     m7 WITH m2*0.37220;
     m7 WITH m3*0.37630;
     m7 WITH m4*0.20264;
     m7 WITH m5*0.17756;
     m7 WITH m6*0.41478;
     m8 WITH m1*0.83308;
     m8 WITH m2*0.40852;
     m8 WITH m3*0.40802;
     m8 WITH m4*0.21940;
     m8 WITH m5*0.19340;
     m8 WITH m6*0.45783;
     m8 WITH m7*0.41767;
     m9 WITH m1*0.25533;
     m9 WITH m2*0.12384;
     m9 WITH m3*0.11493;
     m9 WITH m4*0.06662;
     m9 WITH m5*0.05739;
     m9 WITH m6*0.13662;
     m9 WITH m7*0.12087;
     m9 WITH m8*0.13759;
     m10 WITH m1*-0.00044;
     m10 WITH m2*-0.00022;
     m10 WITH m3*-0.00015;
     m10 WITH m4*-0.00013;
     m10 WITH m5*-0.00010;
     m10 WITH m6*-0.00026;
     m10 WITH m7*-0.00021;
     m10 WITH m8*-0.00021;
     m10 WITH m9*-0.00007;

     [ z1*180.50000 ];
     [ z2*0.00000 ];
     [ z3*0.00000 ];
     [ z4*0.00000 ];
     [ z5*0.00000 ];
     [ z6*0.00000 ];
     [ z7*0.00000 ];
     [ z8*0.00000 ];
     [ z9*0.00000 ];
     [ z10*0.00000 ];
     [ z11*0.00000 ];
     [ z12*0.00000 ];
     [ z13*0.00000 ];
     [ z14*0.00000 ];
     [ z15*0.00000 ];
     [ z16*0.00000 ];
     [ z17*0.00000 ];
     [ z18*0.00000 ];
     [ z19*0.00000 ];
     [ z20*0.00000 ];
     [ z21*0.00000 ];
     [ z22*0.00000 ];
     [ z23*0.00000 ];
     [ z24*0.00000 ];
     [ z25*0.00000 ];
     [ z26*0.00000 ];
     [ z27*0.00000 ];
     [ z28*0.00000 ];
     [ z29*0.00000 ];
     [ z30*0.00000 ];
     [ z31*0.00000 ];
     [ z32*0.00000 ];
     [ z33*0.00000 ];
     [ z34*0.00000 ];
     [ z35*0.00000 ];
     [ z36*0.00000 ];
     [ z37*0.00000 ];
     [ z38*0.00000 ];
     [ z39*0.00000 ];
     [ z40*0.00000 ];

     z1*10777.16699;
     z2*0.99614;
     z3*0.97760;
     z4*-0.00628;
     z5*0.63099;
     z6*0.97186;
     z7*0.99497;
     z8*0.03839;
     z9*0.64065;
     z10*0.99150;
     z11*0.99435;
     z12*0.06285;
     z13*0.88620;
     z14*0.98257;
     z15*0.95066;
     z16*0.02222;
     z17*0.91016;
     z18*0.97095;
     z19*0.99152;
     z20*-0.04646;
     z21*0.55517;
     z22*0.97808;
     z23*0.99568;
     z24*0.03197;
     z25*0.61371;
     z26*0.98484;
     z27*0.99575;
     z28*0.00486;
     z29*0.57015;
     z30*0.99612;
     z31*0.99192;
     z32*0.13635;
     z33*0.95575;
     z34*0.98741;
     z35*0.95672;
     z36*0.05730;
     z37*1.00064;
     z38*-2.58487;
     z39*0.74756;
     z40*0.99692;
     m1*1.64566;
     m2*0.36664;
     m3*0.35606;
     m4*0.11167;
     m5*0.08745;
     m6*0.44283;
     m7*0.38333;
     m8*0.42705;
     m9*0.04121;
     m10*0.00048;



SAVEDATA INFORMATION


  Save file
    machines_3.dat

  Order and format of variables

    Z1             F10.3
    Z2             F10.3
    Z3             F10.3
    Z4             F10.3
    Z5             F10.3
    Z6             F10.3
    Z7             F10.3
    Z8             F10.3
    Z9             F10.3
    Z10            F10.3
    Z11            F10.3
    Z12            F10.3
    Z13            F10.3
    Z14            F10.3
    Z15            F10.3
    Z16            F10.3
    Z17            F10.3
    Z18            F10.3
    Z19            F10.3
    Z20            F10.3
    Z21            F10.3
    Z22            F10.3
    Z23            F10.3
    Z24            F10.3
    Z25            F10.3
    Z26            F10.3
    Z27            F10.3
    Z28            F10.3
    Z29            F10.3
    Z30            F10.3
    Z31            F10.3
    Z32            F10.3
    Z33            F10.3
    Z34            F10.3
    Z35            F10.3
    Z36            F10.3
    Z37            F10.3
    Z38            F10.3
    Z39            F10.3
    Z40            F10.3

  Save file format
    40F10.3

  Save file record length    10000

  Save missing symbol        *


     Beginning Time:  15:19:01
        Ending Time:  15:19:16
       Elapsed Time:  00:00:15



MUTHEN & MUTHEN
3463 Stoner Ave.
Los Angeles, CA  90066

Tel: (310) 391-9971
Fax: (310) 391-8971
Web: www.StatModel.com
Support: Support@StatModel.com

Copyright (c) 1998-2021 Muthen & Muthen
